2020-11-24 00:04:58,489 ERROR org.apache.juli.logging.DirectJDKLog [http-nio-8080-exec-3] Servlet.service() for servlet [dispatcherServlet] in context with path [] threw exception
io.jsonwebtoken.SignatureException: JWT signature does not match locally computed signature. JWT validity cannot be asserted and should not be trusted.
	at io.jsonwebtoken.impl.DefaultJwtParser.parse(DefaultJwtParser.java:354)
	at io.jsonwebtoken.impl.DefaultJwtParser.parse(DefaultJwtParser.java:481)
	at io.jsonwebtoken.impl.DefaultJwtParser.parseClaimsJws(DefaultJwtParser.java:541)
	at ar.unq.edu.desapp.grupoH.security.JWTAuthFilter.validateToken(JWTAuthFilter.kt:51)
	at ar.unq.edu.desapp.grupoH.security.JWTAuthFilter.doFilterInternal(JWTAuthFilter.kt:24)
	at org.springframework.web.filter.OncePerRequestFilter.doFilter(OncePerRequestFilter.java:119)
	at org.springframework.security.web.FilterChainProxy$VirtualFilterChain.doFilter(FilterChainProxy.java:334)
	at org.springframework.security.web.authentication.logout.LogoutFilter.doFilter(LogoutFilter.java:116)
	at org.springframework.security.web.FilterChainProxy$VirtualFilterChain.doFilter(FilterChainProxy.java:334)
	at org.springframework.web.filter.CorsFilter.doFilterInternal(CorsFilter.java:92)
	at org.springframework.web.filter.OncePerRequestFilter.doFilter(OncePerRequestFilter.java:119)
	at org.springframework.security.web.FilterChainProxy$VirtualFilterChain.doFilter(FilterChainProxy.java:334)
	at org.springframework.security.web.header.HeaderWriterFilter.doHeadersAfter(HeaderWriterFilter.java:92)
	at org.springframework.security.web.header.HeaderWriterFilter.doFilterInternal(HeaderWriterFilter.java:77)
	at org.springframework.web.filter.OncePerRequestFilter.doFilter(OncePerRequestFilter.java:119)
	at org.springframework.security.web.FilterChainProxy$VirtualFilterChain.doFilter(FilterChainProxy.java:334)
	at org.springframework.security.web.context.SecurityContextPersistenceFilter.doFilter(SecurityContextPersistenceFilter.java:105)
	at org.springframework.security.web.FilterChainProxy$VirtualFilterChain.doFilter(FilterChainProxy.java:334)
	at org.springframework.security.web.context.request.async.WebAsyncManagerIntegrationFilter.doFilterInternal(WebAsyncManagerIntegrationFilter.java:56)
	at org.springframework.web.filter.OncePerRequestFilter.doFilter(OncePerRequestFilter.java:119)
	at org.springframework.security.web.FilterChainProxy$VirtualFilterChain.doFilter(FilterChainProxy.java:334)
	at org.springframework.security.web.FilterChainProxy.doFilterInternal(FilterChainProxy.java:215)
	at org.springframework.security.web.FilterChainProxy.doFilter(FilterChainProxy.java:178)
	at org.springframework.web.filter.DelegatingFilterProxy.invokeDelegate(DelegatingFilterProxy.java:358)
	at org.springframework.web.filter.DelegatingFilterProxy.doFilter(DelegatingFilterProxy.java:271)
	at org.apache.catalina.core.ApplicationFilterChain.internalDoFilter(ApplicationFilterChain.java:193)
	at org.apache.catalina.core.ApplicationFilterChain.doFilter(ApplicationFilterChain.java:166)
	at org.springframework.web.filter.RequestContextFilter.doFilterInternal(RequestContextFilter.java:100)
	at org.springframework.web.filter.OncePerRequestFilter.doFilter(OncePerRequestFilter.java:119)
	at org.apache.catalina.core.ApplicationFilterChain.internalDoFilter(ApplicationFilterChain.java:193)
	at org.apache.catalina.core.ApplicationFilterChain.doFilter(ApplicationFilterChain.java:166)
	at org.springframework.web.filter.FormContentFilter.doFilterInternal(FormContentFilter.java:93)
	at org.springframework.web.filter.OncePerRequestFilter.doFilter(OncePerRequestFilter.java:119)
	at org.apache.catalina.core.ApplicationFilterChain.internalDoFilter(ApplicationFilterChain.java:193)
	at org.apache.catalina.core.ApplicationFilterChain.doFilter(ApplicationFilterChain.java:166)
	at org.springframework.web.filter.CharacterEncodingFilter.doFilterInternal(CharacterEncodingFilter.java:201)
	at org.springframework.web.filter.OncePerRequestFilter.doFilter(OncePerRequestFilter.java:119)
	at org.apache.catalina.core.ApplicationFilterChain.internalDoFilter(ApplicationFilterChain.java:193)
	at org.apache.catalina.core.ApplicationFilterChain.doFilter(ApplicationFilterChain.java:166)
	at org.apache.catalina.core.StandardWrapperValve.invoke(StandardWrapperValve.java:202)
	at org.apache.catalina.core.StandardContextValve.invoke(StandardContextValve.java:96)
	at org.apache.catalina.authenticator.AuthenticatorBase.invoke(AuthenticatorBase.java:541)
	at org.apache.catalina.core.StandardHostValve.invoke(StandardHostValve.java:139)
	at org.apache.catalina.valves.ErrorReportValve.invoke(ErrorReportValve.java:92)
	at org.apache.catalina.core.StandardEngineValve.invoke(StandardEngineValve.java:74)
	at org.apache.catalina.connector.CoyoteAdapter.service(CoyoteAdapter.java:343)
	at org.apache.coyote.http11.Http11Processor.service(Http11Processor.java:373)
	at org.apache.coyote.AbstractProcessorLight.process(AbstractProcessorLight.java:65)
	at org.apache.coyote.AbstractProtocol$ConnectionHandler.process(AbstractProtocol.java:868)
	at org.apache.tomcat.util.net.NioEndpoint$SocketProcessor.doRun(NioEndpoint.java:1589)
	at org.apache.tomcat.util.net.SocketProcessorBase.run(SocketProcessorBase.java:49)
	at java.base/java.util.concurrent.ThreadPoolExecutor.runWorker(ThreadPoolExecutor.java:1130)
	at java.base/java.util.concurrent.ThreadPoolExecutor$Worker.run(ThreadPoolExecutor.java:630)
	at org.apache.tomcat.util.threads.TaskThread$WrappingRunnable.run(TaskThread.java:61)
	at java.base/java.lang.Thread.run(Thread.java:832)
2020-11-24 00:10:13,046 INFO org.springframework.boot.StartupInfoLogger [main] Starting ProjectApplicationKt on Rodrigo-PC with PID 4584 (C:\Users\Rodrigo\Desktop\Desarrollo\crowfundingProject\Backend\build\classes\kotlin\main started by Rodrigo in C:\Users\Rodrigo\Desktop\Desarrollo\crowfundingProject\Backend)
2020-11-24 00:10:13,073 INFO org.springframework.boot.SpringApplication [main] No active profile set, falling back to default profiles: default
2020-11-24 00:10:13,262 WARN org.springframework.core.log.CompositeLog [background-preinit] For Jackson Kotlin classes support please add "com.fasterxml.jackson.module:jackson-module-kotlin" to the classpath
2020-11-24 00:10:15,187 INFO org.springframework.data.repository.config.RepositoryConfigurationDelegate [main] Bootstrapping Spring Data JPA repositories in DEFERRED mode.
2020-11-24 00:10:15,399 INFO org.springframework.data.repository.config.RepositoryConfigurationDelegate [main] Finished Spring Data repository scanning in 197ms. Found 4 JPA repository interfaces.
2020-11-24 00:10:16,383 INFO org.springframework.boot.web.embedded.tomcat.TomcatWebServer [main] Tomcat initialized with port(s): 8080 (http)
2020-11-24 00:10:16,396 INFO org.apache.juli.logging.DirectJDKLog [main] Initializing ProtocolHandler ["http-nio-8080"]
2020-11-24 00:10:16,398 INFO org.apache.juli.logging.DirectJDKLog [main] Starting service [Tomcat]
2020-11-24 00:10:16,398 INFO org.apache.juli.logging.DirectJDKLog [main] Starting Servlet engine: [Apache Tomcat/9.0.37]
2020-11-24 00:10:16,554 INFO org.apache.juli.logging.DirectJDKLog [main] Initializing Spring embedded WebApplicationContext
2020-11-24 00:10:16,555 INFO org.springframework.boot.web.servlet.context.ServletWebServerApplicationContext [main] Root WebApplicationContext: initialization completed in 3313 ms
2020-11-24 00:10:16,687 INFO com.zaxxer.hikari.HikariDataSource [main] HikariPool-1 - Starting...
2020-11-24 00:10:16,988 INFO com.zaxxer.hikari.HikariDataSource [main] HikariPool-1 - Start completed.
2020-11-24 00:10:16,997 INFO org.springframework.boot.autoconfigure.h2.H2ConsoleAutoConfiguration [main] H2 console available at '/h2-console'. Database available at 'jdbc:h2:mem:crowdfundingProject'
2020-11-24 00:10:17,302 INFO org.springframework.scheduling.concurrent.ExecutorConfigurationSupport [main] Initializing ExecutorService 'applicationTaskExecutor'
2020-11-24 00:10:17,321 INFO org.springframework.scheduling.concurrent.ExecutorConfigurationSupport [main] Initializing ExecutorService 'taskScheduler'
2020-11-24 00:10:17,397 INFO org.hibernate.jpa.internal.util.LogHelper [task-1] HHH000204: Processing PersistenceUnitInfo [name: default]
2020-11-24 00:10:17,483 INFO org.hibernate.Version [task-1] HHH000412: Hibernate ORM core version 5.4.20.Final
2020-11-24 00:10:17,485 WARN org.springframework.boot.autoconfigure.orm.jpa.JpaBaseConfiguration$JpaWebConfiguration [main] spring.jpa.open-in-view is enabled by default. Therefore, database queries may be performed during view rendering. Explicitly configure spring.jpa.open-in-view to disable this warning
2020-11-24 00:10:17,860 INFO org.hibernate.annotations.common.reflection.java.JavaReflectionManager [task-1] HCANN000001: Hibernate Commons Annotations {5.1.0.Final}
2020-11-24 00:10:18,062 INFO org.hibernate.dialect.Dialect [task-1] HHH000400: Using dialect: org.hibernate.dialect.H2Dialect
2020-11-24 00:10:18,516 INFO springfox.documentation.spring.web.PropertySourcedRequestMappingHandlerMapping [main] Mapped URL path [/v2/api-docs] onto method [springfox.documentation.swagger2.web.Swagger2Controller#getDocumentation(String, HttpServletRequest)]
2020-11-24 00:10:18,629 INFO org.springframework.boot.autoconfigure.security.servlet.UserDetailsServiceAutoConfiguration [main] 

Using generated security password: feb8d302-d74b-4196-83a1-9abdd51dfcfe

2020-11-24 00:10:19,052 INFO org.springframework.security.web.DefaultSecurityFilterChain [main] Creating filter chain: any request, [org.springframework.security.web.context.request.async.WebAsyncManagerIntegrationFilter@45abbd24, org.springframework.security.web.context.SecurityContextPersistenceFilter@3e2578ea, org.springframework.security.web.header.HeaderWriterFilter@7381d6f0, org.springframework.web.filter.CorsFilter@1e32037d, org.springframework.security.web.authentication.logout.LogoutFilter@3b8b4846, ar.unq.edu.desapp.grupoH.security.JWTAuthFilter@5059d398, org.springframework.security.web.savedrequest.RequestCacheAwareFilter@4cf5d999, org.springframework.security.web.servletapi.SecurityContextHolderAwareRequestFilter@65a80fdb, org.springframework.security.web.authentication.AnonymousAuthenticationFilter@5b1420f9, org.springframework.security.web.session.SessionManagementFilter@21688427, org.springframework.security.web.access.ExceptionTranslationFilter@59014efe, org.springframework.security.web.access.intercept.FilterSecurityInterceptor@4d5ea776]
2020-11-24 00:10:19,503 INFO org.apache.juli.logging.DirectJDKLog [main] Starting ProtocolHandler ["http-nio-8080"]
2020-11-24 00:10:19,548 INFO org.springframework.boot.web.embedded.tomcat.TomcatWebServer [main] Tomcat started on port(s): 8080 (http) with context path ''
2020-11-24 00:10:19,551 INFO springfox.documentation.spring.web.plugins.DocumentationPluginsBootstrapper [main] Context refreshed
2020-11-24 00:10:19,589 INFO springfox.documentation.spring.web.plugins.DocumentationPluginsBootstrapper [main] Found 1 custom documentation plugin(s)
2020-11-24 00:10:19,593 INFO org.hibernate.engine.transaction.jta.platform.internal.JtaPlatformInitiator [task-1] HHH000490: Using JtaPlatform implementation: [org.hibernate.engine.transaction.jta.platform.internal.NoJtaPlatform]
2020-11-24 00:10:19,605 INFO org.springframework.orm.jpa.AbstractEntityManagerFactoryBean [task-1] Initialized JPA EntityManagerFactory for persistence unit 'default'
2020-11-24 00:10:19,671 INFO springfox.documentation.spring.web.scanners.ApiListingReferenceScanner [main] Scanning for api listing references
2020-11-24 00:10:20,023 INFO springfox.documentation.spring.web.readers.operation.CachingOperationNameGenerator [main] Generating unique operation named: findAllUsingGET_1
2020-11-24 00:10:20,066 INFO springfox.documentation.spring.web.readers.operation.CachingOperationNameGenerator [main] Generating unique operation named: findDetailsOfUsingGET_1
2020-11-24 00:10:20,131 INFO org.springframework.data.repository.config.DeferredRepositoryInitializationListener [main] Triggering deferred initialization of Spring Data repositories…
2020-11-24 00:10:20,935 INFO org.springframework.data.repository.config.DeferredRepositoryInitializationListener [main] Spring Data repositories initialized!
2020-11-24 00:10:20,953 INFO org.springframework.boot.StartupInfoLogger [main] Started ProjectApplicationKt in 8.613 seconds (JVM running for 10.444)
2020-11-24 00:11:01,035 INFO org.apache.juli.logging.DirectJDKLog [http-nio-8080-exec-4] Initializing Spring DispatcherServlet 'dispatcherServlet'
2020-11-24 00:11:01,036 INFO org.springframework.web.servlet.FrameworkServlet [http-nio-8080-exec-4] Initializing Servlet 'dispatcherServlet'
2020-11-24 00:11:01,054 INFO org.springframework.web.servlet.FrameworkServlet [http-nio-8080-exec-4] Completed initialization in 15 ms
2020-11-24 00:11:17,978 INFO ar.unq.edu.desapp.grupoH.aspects.LogWSAnnotation [http-nio-8080-exec-10] UserController.loginAuth0(..) executed by anonymousUser with args [Auth0LoginRequest(nick=crowdfunding.unq.grupoh, email=crowdfunding.unq.grupoh@gmail.com, username=crowdfunding.unq.grupoH, token=ndeahhh)] in 649 ms
2020-11-24 00:12:49,734 INFO org.springframework.boot.StartupInfoLogger [main] Starting ProjectApplicationKt on Rodrigo-PC with PID 5008 (C:\Users\Rodrigo\Desktop\Desarrollo\crowfundingProject\Backend\build\classes\kotlin\main started by Rodrigo in C:\Users\Rodrigo\Desktop\Desarrollo\crowfundingProject\Backend)
2020-11-24 00:12:49,740 INFO org.springframework.boot.SpringApplication [main] No active profile set, falling back to default profiles: default
2020-11-24 00:12:49,874 WARN org.springframework.core.log.CompositeLog [background-preinit] For Jackson Kotlin classes support please add "com.fasterxml.jackson.module:jackson-module-kotlin" to the classpath
2020-11-24 00:12:51,944 INFO org.springframework.data.repository.config.RepositoryConfigurationDelegate [main] Bootstrapping Spring Data JPA repositories in DEFERRED mode.
2020-11-24 00:12:52,055 INFO org.springframework.data.repository.config.RepositoryConfigurationDelegate [main] Finished Spring Data repository scanning in 99ms. Found 4 JPA repository interfaces.
2020-11-24 00:12:53,116 INFO org.springframework.boot.web.embedded.tomcat.TomcatWebServer [main] Tomcat initialized with port(s): 8080 (http)
2020-11-24 00:12:53,128 INFO org.apache.juli.logging.DirectJDKLog [main] Initializing ProtocolHandler ["http-nio-8080"]
2020-11-24 00:12:53,130 INFO org.apache.juli.logging.DirectJDKLog [main] Starting service [Tomcat]
2020-11-24 00:12:53,132 INFO org.apache.juli.logging.DirectJDKLog [main] Starting Servlet engine: [Apache Tomcat/9.0.37]
2020-11-24 00:12:53,300 INFO org.apache.juli.logging.DirectJDKLog [main] Initializing Spring embedded WebApplicationContext
2020-11-24 00:12:53,300 INFO org.springframework.boot.web.servlet.context.ServletWebServerApplicationContext [main] Root WebApplicationContext: initialization completed in 3413 ms
2020-11-24 00:12:53,427 INFO com.zaxxer.hikari.HikariDataSource [main] HikariPool-1 - Starting...
2020-11-24 00:12:53,555 INFO com.zaxxer.hikari.HikariDataSource [main] HikariPool-1 - Start completed.
2020-11-24 00:12:53,566 INFO org.springframework.boot.autoconfigure.h2.H2ConsoleAutoConfiguration [main] H2 console available at '/h2-console'. Database available at 'jdbc:h2:mem:crowdfundingProject'
2020-11-24 00:12:53,890 INFO org.springframework.scheduling.concurrent.ExecutorConfigurationSupport [main] Initializing ExecutorService 'applicationTaskExecutor'
2020-11-24 00:12:53,921 INFO org.springframework.scheduling.concurrent.ExecutorConfigurationSupport [main] Initializing ExecutorService 'taskScheduler'
2020-11-24 00:12:54,007 INFO org.hibernate.jpa.internal.util.LogHelper [task-1] HHH000204: Processing PersistenceUnitInfo [name: default]
2020-11-24 00:12:54,100 WARN org.springframework.boot.autoconfigure.orm.jpa.JpaBaseConfiguration$JpaWebConfiguration [main] spring.jpa.open-in-view is enabled by default. Therefore, database queries may be performed during view rendering. Explicitly configure spring.jpa.open-in-view to disable this warning
2020-11-24 00:12:54,132 INFO org.hibernate.Version [task-1] HHH000412: Hibernate ORM core version 5.4.20.Final
2020-11-24 00:12:54,448 INFO org.hibernate.annotations.common.reflection.java.JavaReflectionManager [task-1] HCANN000001: Hibernate Commons Annotations {5.1.0.Final}
2020-11-24 00:12:54,723 INFO org.hibernate.dialect.Dialect [task-1] HHH000400: Using dialect: org.hibernate.dialect.H2Dialect
2020-11-24 00:12:55,253 INFO springfox.documentation.spring.web.PropertySourcedRequestMappingHandlerMapping [main] Mapped URL path [/v2/api-docs] onto method [springfox.documentation.swagger2.web.Swagger2Controller#getDocumentation(String, HttpServletRequest)]
2020-11-24 00:12:55,377 INFO org.springframework.boot.autoconfigure.security.servlet.UserDetailsServiceAutoConfiguration [main] 

Using generated security password: e700e7fa-9d47-4a03-b63e-f64f55f1d601

2020-11-24 00:12:55,829 INFO org.springframework.security.web.DefaultSecurityFilterChain [main] Creating filter chain: any request, [org.springframework.security.web.context.request.async.WebAsyncManagerIntegrationFilter@54d35ed5, org.springframework.security.web.context.SecurityContextPersistenceFilter@21688427, org.springframework.security.web.header.HeaderWriterFilter@59014efe, org.springframework.web.filter.CorsFilter@6f7c9755, org.springframework.security.web.authentication.logout.LogoutFilter@6c8e5ac4, ar.unq.edu.desapp.grupoH.security.JWTAuthFilter@45abbd24, org.springframework.security.web.savedrequest.RequestCacheAwareFilter@3e2578ea, org.springframework.security.web.servletapi.SecurityContextHolderAwareRequestFilter@4cd90c36, org.springframework.security.web.authentication.AnonymousAuthenticationFilter@1e32037d, org.springframework.security.web.session.SessionManagementFilter@5621a671, org.springframework.security.web.access.ExceptionTranslationFilter@17a77a7e, org.springframework.security.web.access.intercept.FilterSecurityInterceptor@53d9af1]
2020-11-24 00:12:56,668 INFO org.hibernate.engine.transaction.jta.platform.internal.JtaPlatformInitiator [task-1] HHH000490: Using JtaPlatform implementation: [org.hibernate.engine.transaction.jta.platform.internal.NoJtaPlatform]
2020-11-24 00:12:56,697 INFO org.springframework.orm.jpa.AbstractEntityManagerFactoryBean [task-1] Initialized JPA EntityManagerFactory for persistence unit 'default'
2020-11-24 00:12:56,729 INFO org.apache.juli.logging.DirectJDKLog [main] Starting ProtocolHandler ["http-nio-8080"]
2020-11-24 00:12:56,772 INFO org.springframework.boot.web.embedded.tomcat.TomcatWebServer [main] Tomcat started on port(s): 8080 (http) with context path ''
2020-11-24 00:12:56,774 INFO springfox.documentation.spring.web.plugins.DocumentationPluginsBootstrapper [main] Context refreshed
2020-11-24 00:12:56,796 INFO springfox.documentation.spring.web.plugins.DocumentationPluginsBootstrapper [main] Found 1 custom documentation plugin(s)
2020-11-24 00:12:56,835 INFO springfox.documentation.spring.web.scanners.ApiListingReferenceScanner [main] Scanning for api listing references
2020-11-24 00:12:57,200 INFO springfox.documentation.spring.web.readers.operation.CachingOperationNameGenerator [main] Generating unique operation named: findAllUsingGET_1
2020-11-24 00:12:57,233 INFO springfox.documentation.spring.web.readers.operation.CachingOperationNameGenerator [main] Generating unique operation named: findDetailsOfUsingGET_1
2020-11-24 00:12:57,312 INFO org.springframework.data.repository.config.DeferredRepositoryInitializationListener [main] Triggering deferred initialization of Spring Data repositories…
2020-11-24 00:12:58,175 INFO org.springframework.data.repository.config.DeferredRepositoryInitializationListener [main] Spring Data repositories initialized!
2020-11-24 00:12:58,193 INFO org.springframework.boot.StartupInfoLogger [main] Started ProjectApplicationKt in 9.209 seconds (JVM running for 10.729)
2020-11-24 00:13:14,767 INFO org.apache.juli.logging.DirectJDKLog [http-nio-8080-exec-2] Initializing Spring DispatcherServlet 'dispatcherServlet'
2020-11-24 00:13:14,768 INFO org.springframework.web.servlet.FrameworkServlet [http-nio-8080-exec-2] Initializing Servlet 'dispatcherServlet'
2020-11-24 00:13:14,786 INFO org.springframework.web.servlet.FrameworkServlet [http-nio-8080-exec-2] Completed initialization in 17 ms
2020-11-24 00:13:16,525 ERROR org.apache.juli.logging.DirectJDKLog [http-nio-8080-exec-2] Servlet.service() for servlet [dispatcherServlet] in context with path [] threw exception
io.jsonwebtoken.SignatureException: JWT signature does not match locally computed signature. JWT validity cannot be asserted and should not be trusted.
	at io.jsonwebtoken.impl.DefaultJwtParser.parse(DefaultJwtParser.java:354)
	at io.jsonwebtoken.impl.DefaultJwtParser.parse(DefaultJwtParser.java:481)
	at io.jsonwebtoken.impl.DefaultJwtParser.parseClaimsJws(DefaultJwtParser.java:541)
	at ar.unq.edu.desapp.grupoH.security.JWTAuthFilter.validateToken(JWTAuthFilter.kt:51)
	at ar.unq.edu.desapp.grupoH.security.JWTAuthFilter.doFilterInternal(JWTAuthFilter.kt:24)
	at org.springframework.web.filter.OncePerRequestFilter.doFilter(OncePerRequestFilter.java:119)
	at org.springframework.security.web.FilterChainProxy$VirtualFilterChain.doFilter(FilterChainProxy.java:334)
	at org.springframework.security.web.authentication.logout.LogoutFilter.doFilter(LogoutFilter.java:116)
	at org.springframework.security.web.FilterChainProxy$VirtualFilterChain.doFilter(FilterChainProxy.java:334)
	at org.springframework.web.filter.CorsFilter.doFilterInternal(CorsFilter.java:92)
	at org.springframework.web.filter.OncePerRequestFilter.doFilter(OncePerRequestFilter.java:119)
	at org.springframework.security.web.FilterChainProxy$VirtualFilterChain.doFilter(FilterChainProxy.java:334)
	at org.springframework.security.web.header.HeaderWriterFilter.doHeadersAfter(HeaderWriterFilter.java:92)
	at org.springframework.security.web.header.HeaderWriterFilter.doFilterInternal(HeaderWriterFilter.java:77)
	at org.springframework.web.filter.OncePerRequestFilter.doFilter(OncePerRequestFilter.java:119)
	at org.springframework.security.web.FilterChainProxy$VirtualFilterChain.doFilter(FilterChainProxy.java:334)
	at org.springframework.security.web.context.SecurityContextPersistenceFilter.doFilter(SecurityContextPersistenceFilter.java:105)
	at org.springframework.security.web.FilterChainProxy$VirtualFilterChain.doFilter(FilterChainProxy.java:334)
	at org.springframework.security.web.context.request.async.WebAsyncManagerIntegrationFilter.doFilterInternal(WebAsyncManagerIntegrationFilter.java:56)
	at org.springframework.web.filter.OncePerRequestFilter.doFilter(OncePerRequestFilter.java:119)
	at org.springframework.security.web.FilterChainProxy$VirtualFilterChain.doFilter(FilterChainProxy.java:334)
	at org.springframework.security.web.FilterChainProxy.doFilterInternal(FilterChainProxy.java:215)
	at org.springframework.security.web.FilterChainProxy.doFilter(FilterChainProxy.java:178)
	at org.springframework.web.filter.DelegatingFilterProxy.invokeDelegate(DelegatingFilterProxy.java:358)
	at org.springframework.web.filter.DelegatingFilterProxy.doFilter(DelegatingFilterProxy.java:271)
	at org.apache.catalina.core.ApplicationFilterChain.internalDoFilter(ApplicationFilterChain.java:193)
	at org.apache.catalina.core.ApplicationFilterChain.doFilter(ApplicationFilterChain.java:166)
	at org.springframework.web.filter.RequestContextFilter.doFilterInternal(RequestContextFilter.java:100)
	at org.springframework.web.filter.OncePerRequestFilter.doFilter(OncePerRequestFilter.java:119)
	at org.apache.catalina.core.ApplicationFilterChain.internalDoFilter(ApplicationFilterChain.java:193)
	at org.apache.catalina.core.ApplicationFilterChain.doFilter(ApplicationFilterChain.java:166)
	at org.springframework.web.filter.FormContentFilter.doFilterInternal(FormContentFilter.java:93)
	at org.springframework.web.filter.OncePerRequestFilter.doFilter(OncePerRequestFilter.java:119)
	at org.apache.catalina.core.ApplicationFilterChain.internalDoFilter(ApplicationFilterChain.java:193)
	at org.apache.catalina.core.ApplicationFilterChain.doFilter(ApplicationFilterChain.java:166)
	at org.springframework.web.filter.CharacterEncodingFilter.doFilterInternal(CharacterEncodingFilter.java:201)
	at org.springframework.web.filter.OncePerRequestFilter.doFilter(OncePerRequestFilter.java:119)
	at org.apache.catalina.core.ApplicationFilterChain.internalDoFilter(ApplicationFilterChain.java:193)
	at org.apache.catalina.core.ApplicationFilterChain.doFilter(ApplicationFilterChain.java:166)
	at org.apache.catalina.core.StandardWrapperValve.invoke(StandardWrapperValve.java:202)
	at org.apache.catalina.core.StandardContextValve.invoke(StandardContextValve.java:96)
	at org.apache.catalina.authenticator.AuthenticatorBase.invoke(AuthenticatorBase.java:541)
	at org.apache.catalina.core.StandardHostValve.invoke(StandardHostValve.java:139)
	at org.apache.catalina.valves.ErrorReportValve.invoke(ErrorReportValve.java:92)
	at org.apache.catalina.core.StandardEngineValve.invoke(StandardEngineValve.java:74)
	at org.apache.catalina.connector.CoyoteAdapter.service(CoyoteAdapter.java:343)
	at org.apache.coyote.http11.Http11Processor.service(Http11Processor.java:373)
	at org.apache.coyote.AbstractProcessorLight.process(AbstractProcessorLight.java:65)
	at org.apache.coyote.AbstractProtocol$ConnectionHandler.process(AbstractProtocol.java:868)
	at org.apache.tomcat.util.net.NioEndpoint$SocketProcessor.doRun(NioEndpoint.java:1589)
	at org.apache.tomcat.util.net.SocketProcessorBase.run(SocketProcessorBase.java:49)
	at java.base/java.util.concurrent.ThreadPoolExecutor.runWorker(ThreadPoolExecutor.java:1130)
	at java.base/java.util.concurrent.ThreadPoolExecutor$Worker.run(ThreadPoolExecutor.java:630)
	at org.apache.tomcat.util.threads.TaskThread$WrappingRunnable.run(TaskThread.java:61)
	at java.base/java.lang.Thread.run(Thread.java:832)
2020-11-24 00:13:18,648 WARN org.apache.juli.logging.DirectJDKLog [http-nio-8080-exec-2] Creation of SecureRandom instance for session ID generation using [SHA1PRNG] took [1,809] milliseconds.
2020-11-24 00:13:42,318 ERROR org.apache.juli.logging.DirectJDKLog [http-nio-8080-exec-3] Servlet.service() for servlet [dispatcherServlet] in context with path [] threw exception
io.jsonwebtoken.SignatureException: JWT signature does not match locally computed signature. JWT validity cannot be asserted and should not be trusted.
	at io.jsonwebtoken.impl.DefaultJwtParser.parse(DefaultJwtParser.java:354)
	at io.jsonwebtoken.impl.DefaultJwtParser.parse(DefaultJwtParser.java:481)
	at io.jsonwebtoken.impl.DefaultJwtParser.parseClaimsJws(DefaultJwtParser.java:541)
	at ar.unq.edu.desapp.grupoH.security.JWTAuthFilter.validateToken(JWTAuthFilter.kt:51)
	at ar.unq.edu.desapp.grupoH.security.JWTAuthFilter.doFilterInternal(JWTAuthFilter.kt:24)
	at org.springframework.web.filter.OncePerRequestFilter.doFilter(OncePerRequestFilter.java:119)
	at org.springframework.security.web.FilterChainProxy$VirtualFilterChain.doFilter(FilterChainProxy.java:334)
	at org.springframework.security.web.authentication.logout.LogoutFilter.doFilter(LogoutFilter.java:116)
	at org.springframework.security.web.FilterChainProxy$VirtualFilterChain.doFilter(FilterChainProxy.java:334)
	at org.springframework.web.filter.CorsFilter.doFilterInternal(CorsFilter.java:92)
	at org.springframework.web.filter.OncePerRequestFilter.doFilter(OncePerRequestFilter.java:119)
	at org.springframework.security.web.FilterChainProxy$VirtualFilterChain.doFilter(FilterChainProxy.java:334)
	at org.springframework.security.web.header.HeaderWriterFilter.doHeadersAfter(HeaderWriterFilter.java:92)
	at org.springframework.security.web.header.HeaderWriterFilter.doFilterInternal(HeaderWriterFilter.java:77)
	at org.springframework.web.filter.OncePerRequestFilter.doFilter(OncePerRequestFilter.java:119)
	at org.springframework.security.web.FilterChainProxy$VirtualFilterChain.doFilter(FilterChainProxy.java:334)
	at org.springframework.security.web.context.SecurityContextPersistenceFilter.doFilter(SecurityContextPersistenceFilter.java:105)
	at org.springframework.security.web.FilterChainProxy$VirtualFilterChain.doFilter(FilterChainProxy.java:334)
	at org.springframework.security.web.context.request.async.WebAsyncManagerIntegrationFilter.doFilterInternal(WebAsyncManagerIntegrationFilter.java:56)
	at org.springframework.web.filter.OncePerRequestFilter.doFilter(OncePerRequestFilter.java:119)
	at org.springframework.security.web.FilterChainProxy$VirtualFilterChain.doFilter(FilterChainProxy.java:334)
	at org.springframework.security.web.FilterChainProxy.doFilterInternal(FilterChainProxy.java:215)
	at org.springframework.security.web.FilterChainProxy.doFilter(FilterChainProxy.java:178)
	at org.springframework.web.filter.DelegatingFilterProxy.invokeDelegate(DelegatingFilterProxy.java:358)
	at org.springframework.web.filter.DelegatingFilterProxy.doFilter(DelegatingFilterProxy.java:271)
	at org.apache.catalina.core.ApplicationFilterChain.internalDoFilter(ApplicationFilterChain.java:193)
	at org.apache.catalina.core.ApplicationFilterChain.doFilter(ApplicationFilterChain.java:166)
	at org.springframework.web.filter.RequestContextFilter.doFilterInternal(RequestContextFilter.java:100)
	at org.springframework.web.filter.OncePerRequestFilter.doFilter(OncePerRequestFilter.java:119)
	at org.apache.catalina.core.ApplicationFilterChain.internalDoFilter(ApplicationFilterChain.java:193)
	at org.apache.catalina.core.ApplicationFilterChain.doFilter(ApplicationFilterChain.java:166)
	at org.springframework.web.filter.FormContentFilter.doFilterInternal(FormContentFilter.java:93)
	at org.springframework.web.filter.OncePerRequestFilter.doFilter(OncePerRequestFilter.java:119)
	at org.apache.catalina.core.ApplicationFilterChain.internalDoFilter(ApplicationFilterChain.java:193)
	at org.apache.catalina.core.ApplicationFilterChain.doFilter(ApplicationFilterChain.java:166)
	at org.springframework.web.filter.CharacterEncodingFilter.doFilterInternal(CharacterEncodingFilter.java:201)
	at org.springframework.web.filter.OncePerRequestFilter.doFilter(OncePerRequestFilter.java:119)
	at org.apache.catalina.core.ApplicationFilterChain.internalDoFilter(ApplicationFilterChain.java:193)
	at org.apache.catalina.core.ApplicationFilterChain.doFilter(ApplicationFilterChain.java:166)
	at org.apache.catalina.core.StandardWrapperValve.invoke(StandardWrapperValve.java:202)
	at org.apache.catalina.core.StandardContextValve.invoke(StandardContextValve.java:96)
	at org.apache.catalina.authenticator.AuthenticatorBase.invoke(AuthenticatorBase.java:541)
	at org.apache.catalina.core.StandardHostValve.invoke(StandardHostValve.java:139)
	at org.apache.catalina.valves.ErrorReportValve.invoke(ErrorReportValve.java:92)
	at org.apache.catalina.core.StandardEngineValve.invoke(StandardEngineValve.java:74)
	at org.apache.catalina.connector.CoyoteAdapter.service(CoyoteAdapter.java:343)
	at org.apache.coyote.http11.Http11Processor.service(Http11Processor.java:373)
	at org.apache.coyote.AbstractProcessorLight.process(AbstractProcessorLight.java:65)
	at org.apache.coyote.AbstractProtocol$ConnectionHandler.process(AbstractProtocol.java:868)
	at org.apache.tomcat.util.net.NioEndpoint$SocketProcessor.doRun(NioEndpoint.java:1589)
	at org.apache.tomcat.util.net.SocketProcessorBase.run(SocketProcessorBase.java:49)
	at java.base/java.util.concurrent.ThreadPoolExecutor.runWorker(ThreadPoolExecutor.java:1130)
	at java.base/java.util.concurrent.ThreadPoolExecutor$Worker.run(ThreadPoolExecutor.java:630)
	at org.apache.tomcat.util.threads.TaskThread$WrappingRunnable.run(TaskThread.java:61)
	at java.base/java.lang.Thread.run(Thread.java:832)
2020-11-24 00:14:16,409 ERROR org.apache.juli.logging.DirectJDKLog [http-nio-8080-exec-4] Servlet.service() for servlet [dispatcherServlet] in context with path [] threw exception
io.jsonwebtoken.SignatureException: JWT signature does not match locally computed signature. JWT validity cannot be asserted and should not be trusted.
	at io.jsonwebtoken.impl.DefaultJwtParser.parse(DefaultJwtParser.java:354)
	at io.jsonwebtoken.impl.DefaultJwtParser.parse(DefaultJwtParser.java:481)
	at io.jsonwebtoken.impl.DefaultJwtParser.parseClaimsJws(DefaultJwtParser.java:541)
	at ar.unq.edu.desapp.grupoH.security.JWTAuthFilter.validateToken(JWTAuthFilter.kt:51)
	at ar.unq.edu.desapp.grupoH.security.JWTAuthFilter.doFilterInternal(JWTAuthFilter.kt:24)
	at org.springframework.web.filter.OncePerRequestFilter.doFilter(OncePerRequestFilter.java:119)
	at org.springframework.security.web.FilterChainProxy$VirtualFilterChain.doFilter(FilterChainProxy.java:334)
	at org.springframework.security.web.authentication.logout.LogoutFilter.doFilter(LogoutFilter.java:116)
	at org.springframework.security.web.FilterChainProxy$VirtualFilterChain.doFilter(FilterChainProxy.java:334)
	at org.springframework.web.filter.CorsFilter.doFilterInternal(CorsFilter.java:92)
	at org.springframework.web.filter.OncePerRequestFilter.doFilter(OncePerRequestFilter.java:119)
	at org.springframework.security.web.FilterChainProxy$VirtualFilterChain.doFilter(FilterChainProxy.java:334)
	at org.springframework.security.web.header.HeaderWriterFilter.doHeadersAfter(HeaderWriterFilter.java:92)
	at org.springframework.security.web.header.HeaderWriterFilter.doFilterInternal(HeaderWriterFilter.java:77)
	at org.springframework.web.filter.OncePerRequestFilter.doFilter(OncePerRequestFilter.java:119)
	at org.springframework.security.web.FilterChainProxy$VirtualFilterChain.doFilter(FilterChainProxy.java:334)
	at org.springframework.security.web.context.SecurityContextPersistenceFilter.doFilter(SecurityContextPersistenceFilter.java:105)
	at org.springframework.security.web.FilterChainProxy$VirtualFilterChain.doFilter(FilterChainProxy.java:334)
	at org.springframework.security.web.context.request.async.WebAsyncManagerIntegrationFilter.doFilterInternal(WebAsyncManagerIntegrationFilter.java:56)
	at org.springframework.web.filter.OncePerRequestFilter.doFilter(OncePerRequestFilter.java:119)
	at org.springframework.security.web.FilterChainProxy$VirtualFilterChain.doFilter(FilterChainProxy.java:334)
	at org.springframework.security.web.FilterChainProxy.doFilterInternal(FilterChainProxy.java:215)
	at org.springframework.security.web.FilterChainProxy.doFilter(FilterChainProxy.java:178)
	at org.springframework.web.filter.DelegatingFilterProxy.invokeDelegate(DelegatingFilterProxy.java:358)
	at org.springframework.web.filter.DelegatingFilterProxy.doFilter(DelegatingFilterProxy.java:271)
	at org.apache.catalina.core.ApplicationFilterChain.internalDoFilter(ApplicationFilterChain.java:193)
	at org.apache.catalina.core.ApplicationFilterChain.doFilter(ApplicationFilterChain.java:166)
	at org.springframework.web.filter.RequestContextFilter.doFilterInternal(RequestContextFilter.java:100)
	at org.springframework.web.filter.OncePerRequestFilter.doFilter(OncePerRequestFilter.java:119)
	at org.apache.catalina.core.ApplicationFilterChain.internalDoFilter(ApplicationFilterChain.java:193)
	at org.apache.catalina.core.ApplicationFilterChain.doFilter(ApplicationFilterChain.java:166)
	at org.springframework.web.filter.FormContentFilter.doFilterInternal(FormContentFilter.java:93)
	at org.springframework.web.filter.OncePerRequestFilter.doFilter(OncePerRequestFilter.java:119)
	at org.apache.catalina.core.ApplicationFilterChain.internalDoFilter(ApplicationFilterChain.java:193)
	at org.apache.catalina.core.ApplicationFilterChain.doFilter(ApplicationFilterChain.java:166)
	at org.springframework.web.filter.CharacterEncodingFilter.doFilterInternal(CharacterEncodingFilter.java:201)
	at org.springframework.web.filter.OncePerRequestFilter.doFilter(OncePerRequestFilter.java:119)
	at org.apache.catalina.core.ApplicationFilterChain.internalDoFilter(ApplicationFilterChain.java:193)
	at org.apache.catalina.core.ApplicationFilterChain.doFilter(ApplicationFilterChain.java:166)
	at org.apache.catalina.core.StandardWrapperValve.invoke(StandardWrapperValve.java:202)
	at org.apache.catalina.core.StandardContextValve.invoke(StandardContextValve.java:96)
	at org.apache.catalina.authenticator.AuthenticatorBase.invoke(AuthenticatorBase.java:541)
	at org.apache.catalina.core.StandardHostValve.invoke(StandardHostValve.java:139)
	at org.apache.catalina.valves.ErrorReportValve.invoke(ErrorReportValve.java:92)
	at org.apache.catalina.core.StandardEngineValve.invoke(StandardEngineValve.java:74)
	at org.apache.catalina.connector.CoyoteAdapter.service(CoyoteAdapter.java:343)
	at org.apache.coyote.http11.Http11Processor.service(Http11Processor.java:373)
	at org.apache.coyote.AbstractProcessorLight.process(AbstractProcessorLight.java:65)
	at org.apache.coyote.AbstractProtocol$ConnectionHandler.process(AbstractProtocol.java:868)
	at org.apache.tomcat.util.net.NioEndpoint$SocketProcessor.doRun(NioEndpoint.java:1589)
	at org.apache.tomcat.util.net.SocketProcessorBase.run(SocketProcessorBase.java:49)
	at java.base/java.util.concurrent.ThreadPoolExecutor.runWorker(ThreadPoolExecutor.java:1130)
	at java.base/java.util.concurrent.ThreadPoolExecutor$Worker.run(ThreadPoolExecutor.java:630)
	at org.apache.tomcat.util.threads.TaskThread$WrappingRunnable.run(TaskThread.java:61)
	at java.base/java.lang.Thread.run(Thread.java:832)
2020-11-24 00:15:51,217 INFO ar.unq.edu.desapp.grupoH.aspects.LogWSAnnotation [http-nio-8080-exec-4] UserController.loginAuth0(..) executed by anonymousUser with args [Auth0LoginRequest(nick=crowdfunding.unq.grupoh, email=crowdfunding.unq.grupoh@gmail.com, username=crowdfunding.unq.grupoH, token=ndeahhh)] in 804 ms
2020-11-24 00:17:37,980 INFO ar.unq.edu.desapp.grupoH.aspects.LogWSAnnotation [http-nio-8080-exec-3] UserController.loginAuth0(..) executed by anonymousUser with args [Auth0LoginRequest(nick=crowdfunding.unq.grupoh, email=crowdfunding.unq.grupoh@gmail.com, username=crowdfunding.unq.grupoH, token=ndeahhh)] in 25 ms
2020-11-24 00:18:54,757 INFO ar.unq.edu.desapp.grupoH.aspects.LogWSAnnotation [http-nio-8080-exec-8] UserController.loginAuth0(..) executed by anonymousUser with args [Auth0LoginRequest(nick=crowdfunding.unq.grupoh, email=crowdfunding.unq.grupoh@gmail.com, username=crowdfunding.unq.grupoH, token=ndeahhh)] in 2 ms
2020-11-24 00:21:57,358 INFO ar.unq.edu.desapp.grupoH.aspects.LogWSAnnotation [http-nio-8080-exec-5] UserController.loginAuth0(..) executed by anonymousUser with args [Auth0LoginRequest(nick=crowdfunding.unq.grupoh, email=crowdfunding.unq.grupoh@gmail.com, username=crowdfunding.unq.grupoH, token=ndeahhh)] in 4 ms
2020-11-24 00:24:59,274 ERROR org.apache.juli.logging.DirectJDKLog [http-nio-8080-exec-1] Servlet.service() for servlet [dispatcherServlet] in context with path [] threw exception
io.jsonwebtoken.SignatureException: JWT signature does not match locally computed signature. JWT validity cannot be asserted and should not be trusted.
	at io.jsonwebtoken.impl.DefaultJwtParser.parse(DefaultJwtParser.java:354)
	at io.jsonwebtoken.impl.DefaultJwtParser.parse(DefaultJwtParser.java:481)
	at io.jsonwebtoken.impl.DefaultJwtParser.parseClaimsJws(DefaultJwtParser.java:541)
	at ar.unq.edu.desapp.grupoH.security.JWTAuthFilter.validateToken(JWTAuthFilter.kt:51)
	at ar.unq.edu.desapp.grupoH.security.JWTAuthFilter.doFilterInternal(JWTAuthFilter.kt:24)
	at org.springframework.web.filter.OncePerRequestFilter.doFilter(OncePerRequestFilter.java:119)
	at org.springframework.security.web.FilterChainProxy$VirtualFilterChain.doFilter(FilterChainProxy.java:334)
	at org.springframework.security.web.authentication.logout.LogoutFilter.doFilter(LogoutFilter.java:116)
	at org.springframework.security.web.FilterChainProxy$VirtualFilterChain.doFilter(FilterChainProxy.java:334)
	at org.springframework.web.filter.CorsFilter.doFilterInternal(CorsFilter.java:92)
	at org.springframework.web.filter.OncePerRequestFilter.doFilter(OncePerRequestFilter.java:119)
	at org.springframework.security.web.FilterChainProxy$VirtualFilterChain.doFilter(FilterChainProxy.java:334)
	at org.springframework.security.web.header.HeaderWriterFilter.doHeadersAfter(HeaderWriterFilter.java:92)
	at org.springframework.security.web.header.HeaderWriterFilter.doFilterInternal(HeaderWriterFilter.java:77)
	at org.springframework.web.filter.OncePerRequestFilter.doFilter(OncePerRequestFilter.java:119)
	at org.springframework.security.web.FilterChainProxy$VirtualFilterChain.doFilter(FilterChainProxy.java:334)
	at org.springframework.security.web.context.SecurityContextPersistenceFilter.doFilter(SecurityContextPersistenceFilter.java:105)
	at org.springframework.security.web.FilterChainProxy$VirtualFilterChain.doFilter(FilterChainProxy.java:334)
	at org.springframework.security.web.context.request.async.WebAsyncManagerIntegrationFilter.doFilterInternal(WebAsyncManagerIntegrationFilter.java:56)
	at org.springframework.web.filter.OncePerRequestFilter.doFilter(OncePerRequestFilter.java:119)
	at org.springframework.security.web.FilterChainProxy$VirtualFilterChain.doFilter(FilterChainProxy.java:334)
	at org.springframework.security.web.FilterChainProxy.doFilterInternal(FilterChainProxy.java:215)
	at org.springframework.security.web.FilterChainProxy.doFilter(FilterChainProxy.java:178)
	at org.springframework.web.filter.DelegatingFilterProxy.invokeDelegate(DelegatingFilterProxy.java:358)
	at org.springframework.web.filter.DelegatingFilterProxy.doFilter(DelegatingFilterProxy.java:271)
	at org.apache.catalina.core.ApplicationFilterChain.internalDoFilter(ApplicationFilterChain.java:193)
	at org.apache.catalina.core.ApplicationFilterChain.doFilter(ApplicationFilterChain.java:166)
	at org.springframework.web.filter.RequestContextFilter.doFilterInternal(RequestContextFilter.java:100)
	at org.springframework.web.filter.OncePerRequestFilter.doFilter(OncePerRequestFilter.java:119)
	at org.apache.catalina.core.ApplicationFilterChain.internalDoFilter(ApplicationFilterChain.java:193)
	at org.apache.catalina.core.ApplicationFilterChain.doFilter(ApplicationFilterChain.java:166)
	at org.springframework.web.filter.FormContentFilter.doFilterInternal(FormContentFilter.java:93)
	at org.springframework.web.filter.OncePerRequestFilter.doFilter(OncePerRequestFilter.java:119)
	at org.apache.catalina.core.ApplicationFilterChain.internalDoFilter(ApplicationFilterChain.java:193)
	at org.apache.catalina.core.ApplicationFilterChain.doFilter(ApplicationFilterChain.java:166)
	at org.springframework.web.filter.CharacterEncodingFilter.doFilterInternal(CharacterEncodingFilter.java:201)
	at org.springframework.web.filter.OncePerRequestFilter.doFilter(OncePerRequestFilter.java:119)
	at org.apache.catalina.core.ApplicationFilterChain.internalDoFilter(ApplicationFilterChain.java:193)
	at org.apache.catalina.core.ApplicationFilterChain.doFilter(ApplicationFilterChain.java:166)
	at org.apache.catalina.core.StandardWrapperValve.invoke(StandardWrapperValve.java:202)
	at org.apache.catalina.core.StandardContextValve.invoke(StandardContextValve.java:96)
	at org.apache.catalina.authenticator.AuthenticatorBase.invoke(AuthenticatorBase.java:541)
	at org.apache.catalina.core.StandardHostValve.invoke(StandardHostValve.java:139)
	at org.apache.catalina.valves.ErrorReportValve.invoke(ErrorReportValve.java:92)
	at org.apache.catalina.core.StandardEngineValve.invoke(StandardEngineValve.java:74)
	at org.apache.catalina.connector.CoyoteAdapter.service(CoyoteAdapter.java:343)
	at org.apache.coyote.http11.Http11Processor.service(Http11Processor.java:373)
	at org.apache.coyote.AbstractProcessorLight.process(AbstractProcessorLight.java:65)
	at org.apache.coyote.AbstractProtocol$ConnectionHandler.process(AbstractProtocol.java:868)
	at org.apache.tomcat.util.net.NioEndpoint$SocketProcessor.doRun(NioEndpoint.java:1589)
	at org.apache.tomcat.util.net.SocketProcessorBase.run(SocketProcessorBase.java:49)
	at java.base/java.util.concurrent.ThreadPoolExecutor.runWorker(ThreadPoolExecutor.java:1130)
	at java.base/java.util.concurrent.ThreadPoolExecutor$Worker.run(ThreadPoolExecutor.java:630)
	at org.apache.tomcat.util.threads.TaskThread$WrappingRunnable.run(TaskThread.java:61)
	at java.base/java.lang.Thread.run(Thread.java:832)
2020-11-24 00:27:34,083 INFO ar.unq.edu.desapp.grupoH.aspects.LogWSAnnotation [http-nio-8080-exec-5] UserController.loginAuth0(..) executed by anonymousUser with args [Auth0LoginRequest(nick=crowdfunding.unq.grupoh, email=grupoh@gmail.com, username=crowdfunding.unq.grupoH, token=ndeahhh)] in 8 ms
2020-11-24 00:29:36,084 INFO ar.unq.edu.desapp.grupoH.aspects.LogWSAnnotation [http-nio-8080-exec-1] UserController.loginAuth0(..) executed by anonymousUser with args [Auth0LoginRequest(nick=crowdfunding.unq.grupoh, email=crowdfunding.unq.grupoh@gmail.com, username=crowdfunding.unq.grupoH, token=ndeahhh)] in 5 ms
2020-11-24 00:33:23,640 INFO org.springframework.boot.StartupInfoLogger [main] Starting ProjectApplicationKt on Rodrigo-PC with PID 3056 (C:\Users\Rodrigo\Desktop\Desarrollo\crowfundingProject\Backend\build\classes\kotlin\main started by Rodrigo in C:\Users\Rodrigo\Desktop\Desarrollo\crowfundingProject\Backend)
2020-11-24 00:33:23,647 INFO org.springframework.boot.SpringApplication [main] No active profile set, falling back to default profiles: default
2020-11-24 00:33:23,810 WARN org.springframework.core.log.CompositeLog [background-preinit] For Jackson Kotlin classes support please add "com.fasterxml.jackson.module:jackson-module-kotlin" to the classpath
2020-11-24 00:33:27,309 INFO org.springframework.data.repository.config.RepositoryConfigurationDelegate [main] Bootstrapping Spring Data JPA repositories in DEFERRED mode.
2020-11-24 00:33:27,458 INFO org.springframework.data.repository.config.RepositoryConfigurationDelegate [main] Finished Spring Data repository scanning in 135ms. Found 4 JPA repository interfaces.
2020-11-24 00:33:28,708 INFO org.springframework.boot.web.embedded.tomcat.TomcatWebServer [main] Tomcat initialized with port(s): 8080 (http)
2020-11-24 00:33:28,719 INFO org.apache.juli.logging.DirectJDKLog [main] Initializing ProtocolHandler ["http-nio-8080"]
2020-11-24 00:33:28,721 INFO org.apache.juli.logging.DirectJDKLog [main] Starting service [Tomcat]
2020-11-24 00:33:28,722 INFO org.apache.juli.logging.DirectJDKLog [main] Starting Servlet engine: [Apache Tomcat/9.0.37]
2020-11-24 00:33:29,002 INFO org.apache.juli.logging.DirectJDKLog [main] Initializing Spring embedded WebApplicationContext
2020-11-24 00:33:29,003 INFO org.springframework.boot.web.servlet.context.ServletWebServerApplicationContext [main] Root WebApplicationContext: initialization completed in 5232 ms
2020-11-24 00:33:29,106 INFO com.zaxxer.hikari.HikariDataSource [main] HikariPool-1 - Starting...
2020-11-24 00:33:29,237 INFO com.zaxxer.hikari.HikariDataSource [main] HikariPool-1 - Start completed.
2020-11-24 00:33:29,246 INFO org.springframework.boot.autoconfigure.h2.H2ConsoleAutoConfiguration [main] H2 console available at '/h2-console'. Database available at 'jdbc:h2:mem:crowdfundingProject'
2020-11-24 00:33:29,647 INFO org.springframework.scheduling.concurrent.ExecutorConfigurationSupport [main] Initializing ExecutorService 'applicationTaskExecutor'
2020-11-24 00:33:29,666 INFO org.springframework.scheduling.concurrent.ExecutorConfigurationSupport [main] Initializing ExecutorService 'taskScheduler'
2020-11-24 00:33:29,750 INFO org.hibernate.jpa.internal.util.LogHelper [task-1] HHH000204: Processing PersistenceUnitInfo [name: default]
2020-11-24 00:33:29,831 WARN org.springframework.boot.autoconfigure.orm.jpa.JpaBaseConfiguration$JpaWebConfiguration [main] spring.jpa.open-in-view is enabled by default. Therefore, database queries may be performed during view rendering. Explicitly configure spring.jpa.open-in-view to disable this warning
2020-11-24 00:33:29,856 INFO org.hibernate.Version [task-1] HHH000412: Hibernate ORM core version 5.4.20.Final
2020-11-24 00:33:30,183 INFO org.hibernate.annotations.common.reflection.java.JavaReflectionManager [task-1] HCANN000001: Hibernate Commons Annotations {5.1.0.Final}
2020-11-24 00:33:30,438 INFO org.hibernate.dialect.Dialect [task-1] HHH000400: Using dialect: org.hibernate.dialect.H2Dialect
2020-11-24 00:33:30,916 INFO springfox.documentation.spring.web.PropertySourcedRequestMappingHandlerMapping [main] Mapped URL path [/v2/api-docs] onto method [springfox.documentation.swagger2.web.Swagger2Controller#getDocumentation(String, HttpServletRequest)]
2020-11-24 00:33:31,075 INFO org.springframework.boot.autoconfigure.security.servlet.UserDetailsServiceAutoConfiguration [main] 

Using generated security password: 5e368d30-baf6-4887-9698-8ae9595db262

2020-11-24 00:33:31,556 INFO org.springframework.security.web.DefaultSecurityFilterChain [main] Creating filter chain: any request, [org.springframework.security.web.context.request.async.WebAsyncManagerIntegrationFilter@1e32037d, org.springframework.security.web.context.SecurityContextPersistenceFilter@29592929, org.springframework.security.web.header.HeaderWriterFilter@2f262474, org.springframework.web.filter.CorsFilter@5059d398, org.springframework.security.web.authentication.logout.LogoutFilter@4e357792, ar.unq.edu.desapp.grupoH.security.JWTAuthFilter@5b1420f9, org.springframework.security.web.savedrequest.RequestCacheAwareFilter@4bdef487, org.springframework.security.web.servletapi.SecurityContextHolderAwareRequestFilter@79e90571, org.springframework.security.web.authentication.AnonymousAuthenticationFilter@434ee422, org.springframework.security.web.session.SessionManagementFilter@656c5818, org.springframework.security.web.access.ExceptionTranslationFilter@5f5923ef, org.springframework.security.web.access.intercept.FilterSecurityInterceptor@5d68be4f]
2020-11-24 00:33:32,086 INFO org.hibernate.engine.transaction.jta.platform.internal.JtaPlatformInitiator [task-1] HHH000490: Using JtaPlatform implementation: [org.hibernate.engine.transaction.jta.platform.internal.NoJtaPlatform]
2020-11-24 00:33:32,100 INFO org.springframework.orm.jpa.AbstractEntityManagerFactoryBean [task-1] Initialized JPA EntityManagerFactory for persistence unit 'default'
2020-11-24 00:33:32,206 INFO org.apache.juli.logging.DirectJDKLog [main] Starting ProtocolHandler ["http-nio-8080"]
2020-11-24 00:33:32,237 INFO org.springframework.boot.web.embedded.tomcat.TomcatWebServer [main] Tomcat started on port(s): 8080 (http) with context path ''
2020-11-24 00:33:32,239 INFO springfox.documentation.spring.web.plugins.DocumentationPluginsBootstrapper [main] Context refreshed
2020-11-24 00:33:32,260 INFO springfox.documentation.spring.web.plugins.DocumentationPluginsBootstrapper [main] Found 1 custom documentation plugin(s)
2020-11-24 00:33:32,320 INFO springfox.documentation.spring.web.scanners.ApiListingReferenceScanner [main] Scanning for api listing references
2020-11-24 00:33:32,697 INFO springfox.documentation.spring.web.readers.operation.CachingOperationNameGenerator [main] Generating unique operation named: findAllUsingGET_1
2020-11-24 00:33:32,732 INFO springfox.documentation.spring.web.readers.operation.CachingOperationNameGenerator [main] Generating unique operation named: findDetailsOfUsingGET_1
2020-11-24 00:33:32,821 INFO org.springframework.data.repository.config.DeferredRepositoryInitializationListener [main] Triggering deferred initialization of Spring Data repositories…
2020-11-24 00:33:33,666 INFO org.springframework.data.repository.config.DeferredRepositoryInitializationListener [main] Spring Data repositories initialized!
2020-11-24 00:33:33,689 INFO org.springframework.boot.StartupInfoLogger [main] Started ProjectApplicationKt in 13.212 seconds (JVM running for 18.531)
2020-11-24 00:33:56,707 INFO org.apache.juli.logging.DirectJDKLog [http-nio-8080-exec-2] Initializing Spring DispatcherServlet 'dispatcherServlet'
2020-11-24 00:33:56,707 INFO org.springframework.web.servlet.FrameworkServlet [http-nio-8080-exec-2] Initializing Servlet 'dispatcherServlet'
2020-11-24 00:33:56,723 INFO org.springframework.web.servlet.FrameworkServlet [http-nio-8080-exec-2] Completed initialization in 15 ms
2020-11-24 00:33:58,565 INFO ar.unq.edu.desapp.grupoH.aspects.LogWSAnnotation [http-nio-8080-exec-4] UserController.loginAuth0(..) executed by anonymousUser with args [Auth0LoginRequest(nick=crowdfunding.unq.grupoh, email=crowdfunding.unq.grupoh@gmail.com, username=crowdfunding.unq.grupoH, token=ndeahhh)] in 855 ms
2020-11-24 00:35:53,200 INFO org.springframework.boot.StartupInfoLogger [main] Starting ProjectApplicationKt on Rodrigo-PC with PID 6996 (C:\Users\Rodrigo\Desktop\Desarrollo\crowfundingProject\Backend\build\classes\kotlin\main started by Rodrigo in C:\Users\Rodrigo\Desktop\Desarrollo\crowfundingProject\Backend)
2020-11-24 00:35:53,208 INFO org.springframework.boot.SpringApplication [main] No active profile set, falling back to default profiles: default
2020-11-24 00:35:53,587 WARN org.springframework.core.log.CompositeLog [background-preinit] For Jackson Kotlin classes support please add "com.fasterxml.jackson.module:jackson-module-kotlin" to the classpath
2020-11-24 00:36:00,638 INFO org.springframework.data.repository.config.RepositoryConfigurationDelegate [main] Bootstrapping Spring Data JPA repositories in DEFERRED mode.
2020-11-24 00:36:01,163 INFO org.springframework.data.repository.config.RepositoryConfigurationDelegate [main] Finished Spring Data repository scanning in 513ms. Found 4 JPA repository interfaces.
2020-11-24 00:36:02,756 INFO org.springframework.boot.web.embedded.tomcat.TomcatWebServer [main] Tomcat initialized with port(s): 8080 (http)
2020-11-24 00:36:02,795 INFO org.apache.juli.logging.DirectJDKLog [main] Initializing ProtocolHandler ["http-nio-8080"]
2020-11-24 00:36:02,796 INFO org.apache.juli.logging.DirectJDKLog [main] Starting service [Tomcat]
2020-11-24 00:36:02,798 INFO org.apache.juli.logging.DirectJDKLog [main] Starting Servlet engine: [Apache Tomcat/9.0.37]
2020-11-24 00:36:03,129 INFO org.apache.juli.logging.DirectJDKLog [main] Initializing Spring embedded WebApplicationContext
2020-11-24 00:36:03,135 INFO org.springframework.boot.web.servlet.context.ServletWebServerApplicationContext [main] Root WebApplicationContext: initialization completed in 9710 ms
2020-11-24 00:36:03,465 INFO com.zaxxer.hikari.HikariDataSource [main] HikariPool-1 - Starting...
2020-11-24 00:36:06,525 INFO com.zaxxer.hikari.HikariDataSource [main] HikariPool-1 - Start completed.
2020-11-24 00:36:06,569 INFO org.springframework.boot.autoconfigure.h2.H2ConsoleAutoConfiguration [main] H2 console available at '/h2-console'. Database available at 'jdbc:h2:mem:crowdfundingProject'
2020-11-24 00:36:07,923 INFO org.springframework.scheduling.concurrent.ExecutorConfigurationSupport [main] Initializing ExecutorService 'applicationTaskExecutor'
2020-11-24 00:36:08,017 INFO org.springframework.scheduling.concurrent.ExecutorConfigurationSupport [main] Initializing ExecutorService 'taskScheduler'
2020-11-24 00:36:08,467 INFO org.hibernate.jpa.internal.util.LogHelper [task-1] HHH000204: Processing PersistenceUnitInfo [name: default]
2020-11-24 00:36:08,584 WARN org.springframework.boot.autoconfigure.orm.jpa.JpaBaseConfiguration$JpaWebConfiguration [main] spring.jpa.open-in-view is enabled by default. Therefore, database queries may be performed during view rendering. Explicitly configure spring.jpa.open-in-view to disable this warning
2020-11-24 00:36:14,458 INFO springfox.documentation.spring.web.PropertySourcedRequestMappingHandlerMapping [main] Mapped URL path [/v2/api-docs] onto method [springfox.documentation.swagger2.web.Swagger2Controller#getDocumentation(String, HttpServletRequest)]
2020-11-24 00:36:14,791 INFO org.springframework.boot.autoconfigure.security.servlet.UserDetailsServiceAutoConfiguration [main] 

Using generated security password: d728c66c-f754-4042-88f1-4dd7bc68ffc1

2020-11-24 00:36:15,366 INFO org.hibernate.Version [task-1] HHH000412: Hibernate ORM core version 5.4.20.Final
2020-11-24 00:36:15,712 INFO org.springframework.security.web.DefaultSecurityFilterChain [main] Creating filter chain: any request, [org.springframework.security.web.context.request.async.WebAsyncManagerIntegrationFilter@31c5304f, org.springframework.security.web.context.SecurityContextPersistenceFilter@559c4e06, org.springframework.security.web.header.HeaderWriterFilter@6614ecca, org.springframework.web.filter.CorsFilter@43df1377, org.springframework.security.web.authentication.logout.LogoutFilter@59b853aa, ar.unq.edu.desapp.grupoH.security.JWTAuthFilter@1cee3e05, org.springframework.security.web.savedrequest.RequestCacheAwareFilter@437c1a87, org.springframework.security.web.servletapi.SecurityContextHolderAwareRequestFilter@784212, org.springframework.security.web.authentication.AnonymousAuthenticationFilter@63f2d024, org.springframework.security.web.session.SessionManagementFilter@780546f8, org.springframework.security.web.access.ExceptionTranslationFilter@79e90571, org.springframework.security.web.access.intercept.FilterSecurityInterceptor@3b64f131]
2020-11-24 00:36:15,789 INFO org.hibernate.annotations.common.reflection.java.JavaReflectionManager [task-1] HCANN000001: Hibernate Commons Annotations {5.1.0.Final}
2020-11-24 00:36:16,174 INFO org.hibernate.dialect.Dialect [task-1] HHH000400: Using dialect: org.hibernate.dialect.H2Dialect
2020-11-24 00:36:16,690 INFO org.apache.juli.logging.DirectJDKLog [main] Starting ProtocolHandler ["http-nio-8080"]
2020-11-24 00:36:17,813 INFO org.springframework.boot.web.embedded.tomcat.TomcatWebServer [main] Tomcat started on port(s): 8080 (http) with context path ''
2020-11-24 00:36:17,816 INFO springfox.documentation.spring.web.plugins.DocumentationPluginsBootstrapper [main] Context refreshed
2020-11-24 00:36:17,861 INFO springfox.documentation.spring.web.plugins.DocumentationPluginsBootstrapper [main] Found 1 custom documentation plugin(s)
2020-11-24 00:36:18,298 INFO springfox.documentation.spring.web.scanners.ApiListingReferenceScanner [main] Scanning for api listing references
2020-11-24 00:36:20,708 INFO springfox.documentation.spring.web.readers.operation.CachingOperationNameGenerator [main] Generating unique operation named: findAllUsingGET_1
2020-11-24 00:36:20,834 INFO springfox.documentation.spring.web.readers.operation.CachingOperationNameGenerator [main] Generating unique operation named: findDetailsOfUsingGET_1
2020-11-24 00:36:21,115 INFO org.springframework.data.repository.config.DeferredRepositoryInitializationListener [main] Triggering deferred initialization of Spring Data repositories…
2020-11-24 00:36:22,384 INFO org.hibernate.engine.transaction.jta.platform.internal.JtaPlatformInitiator [task-1] HHH000490: Using JtaPlatform implementation: [org.hibernate.engine.transaction.jta.platform.internal.NoJtaPlatform]
2020-11-24 00:36:22,403 INFO org.springframework.orm.jpa.AbstractEntityManagerFactoryBean [task-1] Initialized JPA EntityManagerFactory for persistence unit 'default'
2020-11-24 00:36:27,175 INFO org.springframework.data.repository.config.DeferredRepositoryInitializationListener [main] Spring Data repositories initialized!
2020-11-24 00:36:27,222 INFO org.springframework.boot.StartupInfoLogger [main] Started ProjectApplicationKt in 35.768 seconds (JVM running for 42.67)
2020-11-24 00:36:34,334 INFO org.apache.juli.logging.DirectJDKLog [http-nio-8080-exec-1] Initializing Spring DispatcherServlet 'dispatcherServlet'
2020-11-24 00:36:34,335 INFO org.springframework.web.servlet.FrameworkServlet [http-nio-8080-exec-1] Initializing Servlet 'dispatcherServlet'
2020-11-24 00:36:34,401 INFO org.springframework.web.servlet.FrameworkServlet [http-nio-8080-exec-1] Completed initialization in 65 ms
2020-11-24 00:38:11,944 INFO ar.unq.edu.desapp.grupoH.aspects.LogWSAnnotation [http-nio-8080-exec-6] UserController.loginAuth0(..) executed by anonymousUser with args [Auth0LoginRequest(nick=crowdfunding.unq.grupoh, email=crowdfunding.unq.grupoh@gmail.com, username=crowdfunding.unq.grupoH, token=ndeahhh)] in 1574 ms
2020-11-24 00:39:27,070 INFO ar.unq.edu.desapp.grupoH.aspects.LogWSAnnotation [http-nio-8080-exec-1] CrowdFundingProjectController.findAboutToend() executed by crowdfunding.unq.grupoH with args [] in 102 ms
2020-11-24 00:39:27,125 INFO ar.unq.edu.desapp.grupoH.aspects.LogWSAnnotation [http-nio-8080-exec-5] CrowdFundingProjectController.findAllOpen() executed by crowdfunding.unq.grupoH with args [] in 146 ms
2020-11-24 00:40:35,765 INFO ar.unq.edu.desapp.grupoH.aspects.LogWSAnnotation [http-nio-8080-exec-2] CrowdFundingProjectController.findAboutToend() executed by crowdfunding.unq.grupoH with args [] in 7 ms
2020-11-24 00:40:35,842 INFO ar.unq.edu.desapp.grupoH.aspects.LogWSAnnotation [http-nio-8080-exec-7] CrowdFundingProjectController.findAllOpen() executed by crowdfunding.unq.grupoH with args [] in 82 ms
2020-11-24 00:43:04,645 INFO ar.unq.edu.desapp.grupoH.aspects.LogWSAnnotation [http-nio-8080-exec-10] CrowdFundingProjectController.findAboutToend() executed by crowdfunding.unq.grupoH with args [] in 5 ms
2020-11-24 00:43:04,662 INFO ar.unq.edu.desapp.grupoH.aspects.LogWSAnnotation [http-nio-8080-exec-8] CrowdFundingProjectController.findAllOpen() executed by crowdfunding.unq.grupoH with args [] in 37 ms
2020-11-24 00:43:30,432 INFO ar.unq.edu.desapp.grupoH.aspects.LogWSAnnotation [http-nio-8080-exec-5] CrowdFundingProjectController.findAboutToend() executed by crowdfunding.unq.grupoH with args [] in 6 ms
2020-11-24 00:43:30,446 INFO ar.unq.edu.desapp.grupoH.aspects.LogWSAnnotation [http-nio-8080-exec-1] CrowdFundingProjectController.findAllOpen() executed by crowdfunding.unq.grupoH with args [] in 64 ms
2020-11-24 00:43:46,158 INFO ar.unq.edu.desapp.grupoH.aspects.LogWSAnnotation [http-nio-8080-exec-2] CrowdFundingProjectController.findAllOpen() executed by crowdfunding.unq.grupoH with args [] in 21 ms
2020-11-24 00:43:46,194 INFO ar.unq.edu.desapp.grupoH.aspects.LogWSAnnotation [http-nio-8080-exec-7] CrowdFundingProjectController.findAboutToend() executed by crowdfunding.unq.grupoH with args [] in 12 ms
2020-11-24 00:44:07,316 INFO ar.unq.edu.desapp.grupoH.aspects.LogWSAnnotation [http-nio-8080-exec-8] CrowdFundingProjectController.findAboutToend() executed by crowdfunding.unq.grupoH with args [] in 4 ms
2020-11-24 00:44:07,331 INFO ar.unq.edu.desapp.grupoH.aspects.LogWSAnnotation [http-nio-8080-exec-10] CrowdFundingProjectController.findAllOpen() executed by crowdfunding.unq.grupoH with args [] in 29 ms
2020-11-24 00:44:16,193 INFO ar.unq.edu.desapp.grupoH.aspects.LogWSAnnotation [http-nio-8080-exec-9] CrowdFundingProjectController.findAllOpen() executed by crowdfunding.unq.grupoH with args [] in 43 ms
2020-11-24 00:44:16,378 INFO ar.unq.edu.desapp.grupoH.aspects.LogWSAnnotation [http-nio-8080-exec-9] CrowdFundingProjectController.findAboutToend() executed by crowdfunding.unq.grupoH with args [] in 155 ms
2020-11-24 00:44:32,704 INFO ar.unq.edu.desapp.grupoH.aspects.LogWSAnnotation [http-nio-8080-exec-6] CrowdFundingProjectController.findAboutToend() executed by crowdfunding.unq.grupoH with args [] in 3 ms
2020-11-24 00:44:32,735 INFO ar.unq.edu.desapp.grupoH.aspects.LogWSAnnotation [http-nio-8080-exec-4] CrowdFundingProjectController.findAllOpen() executed by crowdfunding.unq.grupoH with args [] in 41 ms
2020-11-24 00:46:43,712 INFO ar.unq.edu.desapp.grupoH.aspects.LogWSAnnotation [http-nio-8080-exec-3] CrowdFundingProjectController.findAllOpen() executed by crowdfunding.unq.grupoH with args [] in 109 ms
2020-11-24 00:46:43,736 INFO ar.unq.edu.desapp.grupoH.aspects.LogWSAnnotation [http-nio-8080-exec-9] CrowdFundingProjectController.findAboutToend() executed by crowdfunding.unq.grupoH with args [] in 6 ms
2020-11-24 00:49:09,943 INFO ar.unq.edu.desapp.grupoH.aspects.LogWSAnnotation [http-nio-8080-exec-6] CrowdFundingProjectController.findAllOpen() executed by crowdfunding.unq.grupoH with args [] in 15 ms
2020-11-24 00:49:09,953 INFO ar.unq.edu.desapp.grupoH.aspects.LogWSAnnotation [http-nio-8080-exec-4] CrowdFundingProjectController.findAboutToend() executed by crowdfunding.unq.grupoH with args [] in 4 ms
2020-11-24 00:50:25,423 INFO ar.unq.edu.desapp.grupoH.aspects.LogWSAnnotation [http-nio-8080-exec-1] CrowdFundingProjectController.findAboutToend() executed by crowdfunding.unq.grupoH with args [] in 5 ms
2020-11-24 00:50:25,454 INFO ar.unq.edu.desapp.grupoH.aspects.LogWSAnnotation [http-nio-8080-exec-5] CrowdFundingProjectController.findAllOpen() executed by crowdfunding.unq.grupoH with args [] in 31 ms
2020-11-24 00:51:39,880 INFO ar.unq.edu.desapp.grupoH.aspects.LogWSAnnotation [http-nio-8080-exec-2] CrowdFundingProjectController.findAboutToend() executed by crowdfunding.unq.grupoH with args [] in 4 ms
2020-11-24 00:51:39,977 INFO ar.unq.edu.desapp.grupoH.aspects.LogWSAnnotation [http-nio-8080-exec-7] CrowdFundingProjectController.findAllOpen() executed by crowdfunding.unq.grupoH with args [] in 80 ms
2020-11-24 00:52:46,572 INFO ar.unq.edu.desapp.grupoH.aspects.LogWSAnnotation [http-nio-8080-exec-1] UserController.loginAuth0(..) executed by anonymousUser with args [Auth0LoginRequest(nick=crowdfunding.unq.grupoh, email=crowdfunding.unq.grupoh@gmail.com, username=crowdfunding.unq.grupoH, token=ndeahhh)] in 72 ms
2020-11-24 00:54:59,348 INFO ar.unq.edu.desapp.grupoH.aspects.LogWSAnnotation [http-nio-8080-exec-2] CrowdFundingProjectController.findAboutToend() executed by crowdfunding.unq.grupoH with args [] in 3 ms
2020-11-24 00:54:59,405 INFO ar.unq.edu.desapp.grupoH.aspects.LogWSAnnotation [http-nio-8080-exec-3] CrowdFundingProjectController.findAllOpen() executed by crowdfunding.unq.grupoH with args [] in 51 ms
2020-11-24 00:57:37,095 INFO ar.unq.edu.desapp.grupoH.aspects.LogWSAnnotation [http-nio-8080-exec-2] UserController.loginAuth0(..) executed by anonymousUser with args [Auth0LoginRequest(nick=crowdfunding.unq.grupoh, email=crowdfunding.unq.grupoh@gmail.com, username=crowdfunding.unq.grupoH, token=ndeahhh)] in 5 ms
2020-11-24 01:00:53,100 INFO ar.unq.edu.desapp.grupoH.aspects.LogWSAnnotation [http-nio-8080-exec-2] UserController.loginAuth0(..) executed by anonymousUser with args [Auth0LoginRequest(nick=crowdfunding.unq.grupoh, email=crowdfunding.unq.grupoh@gmail.com, username=crowdfunding.unq.grupoH, token=ndeahhh)] in 2 ms
2020-11-24 01:02:33,688 INFO ar.unq.edu.desapp.grupoH.aspects.LogWSAnnotation [http-nio-8080-exec-6] CrowdFundingProjectController.findAllOpen() executed by crowdfunding.unq.grupoH with args [] in 12 ms
2020-11-24 01:02:33,785 INFO ar.unq.edu.desapp.grupoH.aspects.LogWSAnnotation [http-nio-8080-exec-8] CrowdFundingProjectController.findAboutToend() executed by crowdfunding.unq.grupoH with args [] in 5 ms
2020-11-24 01:03:47,650 INFO ar.unq.edu.desapp.grupoH.aspects.LogWSAnnotation [http-nio-8080-exec-6] UserController.loginAuth0(..) executed by anonymousUser with args [Auth0LoginRequest(nick=crowdfunding.unq.grupoh, email=crowdfunding.unq.grupoh@gmail.com, username=crowdfunding.unq.grupoH, token=ndeahhh)] in 3 ms
2020-11-24 01:03:51,806 INFO ar.unq.edu.desapp.grupoH.aspects.LogWSAnnotation [http-nio-8080-exec-10] CrowdFundingProjectController.findAboutToend() executed by crowdfunding.unq.grupoH with args [] in 3 ms
2020-11-24 01:03:51,862 INFO ar.unq.edu.desapp.grupoH.aspects.LogWSAnnotation [http-nio-8080-exec-1] CrowdFundingProjectController.findAllOpen() executed by crowdfunding.unq.grupoH with args [] in 55 ms
2020-11-24 01:06:33,357 INFO ar.unq.edu.desapp.grupoH.aspects.LogWSAnnotation [http-nio-8080-exec-10] UserController.loginAuth0(..) executed by anonymousUser with args [Auth0LoginRequest(nick=crowdfunding.unq.grupoh, email=crowdfunding.unq.grupoh@gmail.com, username=crowdfunding.unq.grupoH, token=ndeahhh)] in 5 ms
2020-11-24 01:06:37,569 INFO ar.unq.edu.desapp.grupoH.aspects.LogWSAnnotation [http-nio-8080-exec-1] CrowdFundingProjectController.findAllOpen() executed by crowdfunding.unq.grupoH with args [] in 76 ms
2020-11-24 01:06:37,692 INFO ar.unq.edu.desapp.grupoH.aspects.LogWSAnnotation [http-nio-8080-exec-1] CrowdFundingProjectController.findAboutToend() executed by crowdfunding.unq.grupoH with args [] in 87 ms
2020-11-24 01:07:12,959 INFO ar.unq.edu.desapp.grupoH.aspects.LogWSAnnotation [http-nio-8080-exec-7] CrowdFundingProjectController.findAllOpen() executed by crowdfunding.unq.grupoH with args [] in 95 ms
2020-11-24 01:07:12,977 INFO ar.unq.edu.desapp.grupoH.aspects.LogWSAnnotation [http-nio-8080-exec-7] CrowdFundingProjectController.findAboutToend() executed by crowdfunding.unq.grupoH with args [] in 4 ms
2020-11-24 01:09:16,598 INFO ar.unq.edu.desapp.grupoH.aspects.LogWSAnnotation [http-nio-8080-exec-4] CrowdFundingProjectController.findAllOpen() executed by crowdfunding.unq.grupoH with args [] in 11 ms
2020-11-24 01:09:16,642 INFO ar.unq.edu.desapp.grupoH.aspects.LogWSAnnotation [http-nio-8080-exec-4] CrowdFundingProjectController.findAboutToend() executed by crowdfunding.unq.grupoH with args [] in 2 ms
2020-11-24 01:16:42,929 INFO ar.unq.edu.desapp.grupoH.aspects.LogWSAnnotation [http-nio-8080-exec-2] CrowdFundingProjectController.findAboutToend() executed by crowdfunding.unq.grupoH with args [] in 3 ms
2020-11-24 01:16:42,950 INFO ar.unq.edu.desapp.grupoH.aspects.LogWSAnnotation [http-nio-8080-exec-5] CrowdFundingProjectController.findAllOpen() executed by crowdfunding.unq.grupoH with args [] in 8 ms
2020-11-24 01:19:59,571 INFO ar.unq.edu.desapp.grupoH.aspects.LogWSAnnotation [http-nio-8080-exec-10] CrowdFundingProjectController.findAllOpen() executed by crowdfunding.unq.grupoH with args [] in 9 ms
2020-11-24 01:19:59,584 INFO ar.unq.edu.desapp.grupoH.aspects.LogWSAnnotation [http-nio-8080-exec-4] CrowdFundingProjectController.findAboutToend() executed by crowdfunding.unq.grupoH with args [] in 2 ms
2020-11-24 01:22:26,023 INFO ar.unq.edu.desapp.grupoH.aspects.LogWSAnnotation [http-nio-8080-exec-2] CrowdFundingProjectController.findAllOpen() executed by crowdfunding.unq.grupoH with args [] in 7 ms
2020-11-24 01:22:26,091 INFO ar.unq.edu.desapp.grupoH.aspects.LogWSAnnotation [http-nio-8080-exec-5] CrowdFundingProjectController.findAboutToend() executed by crowdfunding.unq.grupoH with args [] in 59 ms
2020-11-24 01:24:52,082 INFO ar.unq.edu.desapp.grupoH.aspects.LogWSAnnotation [http-nio-8080-exec-8] CrowdFundingProjectController.findAboutToend() executed by crowdfunding.unq.grupoH with args [] in 8 ms
2020-11-24 01:24:52,092 INFO ar.unq.edu.desapp.grupoH.aspects.LogWSAnnotation [http-nio-8080-exec-6] CrowdFundingProjectController.findAllOpen() executed by crowdfunding.unq.grupoH with args [] in 14 ms
2020-11-24 01:26:54,493 INFO ar.unq.edu.desapp.grupoH.aspects.LogWSAnnotation [http-nio-8080-exec-1] CrowdFundingProjectController.findAllOpen() executed by crowdfunding.unq.grupoH with args [] in 9 ms
2020-11-24 01:26:54,497 INFO ar.unq.edu.desapp.grupoH.aspects.LogWSAnnotation [http-nio-8080-exec-9] CrowdFundingProjectController.findAboutToend() executed by crowdfunding.unq.grupoH with args [] in 2 ms
2020-11-24 01:28:38,681 INFO ar.unq.edu.desapp.grupoH.aspects.LogWSAnnotation [http-nio-8080-exec-3] CrowdFundingProjectController.findAllOpen() executed by crowdfunding.unq.grupoH with args [] in 6 ms
2020-11-24 01:28:38,696 INFO ar.unq.edu.desapp.grupoH.aspects.LogWSAnnotation [http-nio-8080-exec-3] CrowdFundingProjectController.findAboutToend() executed by crowdfunding.unq.grupoH with args [] in 2 ms
2020-11-24 01:28:57,732 INFO ar.unq.edu.desapp.grupoH.aspects.LogWSAnnotation [http-nio-8080-exec-4] CrowdFundingProjectController.findAllOpen() executed by crowdfunding.unq.grupoH with args [] in 12 ms
2020-11-24 01:28:57,747 INFO ar.unq.edu.desapp.grupoH.aspects.LogWSAnnotation [http-nio-8080-exec-10] CrowdFundingProjectController.findAboutToend() executed by crowdfunding.unq.grupoH with args [] in 20 ms
2020-11-24 01:29:47,982 INFO ar.unq.edu.desapp.grupoH.aspects.LogWSAnnotation [http-nio-8080-exec-4] UserController.loginAuth0(..) executed by anonymousUser with args [Auth0LoginRequest(nick=crowdfunding.unq.grupoh, email=crowdfunding.unq.grupoh@gmail.com, username=crowdfunding.unq.grupoH, token=ndeahhh)] in 2 ms
2020-11-24 01:29:51,358 INFO ar.unq.edu.desapp.grupoH.aspects.LogWSAnnotation [http-nio-8080-exec-10] CrowdFundingProjectController.findAllOpen() executed by crowdfunding.unq.grupoH with args [] in 6 ms
2020-11-24 01:29:51,379 INFO ar.unq.edu.desapp.grupoH.aspects.LogWSAnnotation [http-nio-8080-exec-10] CrowdFundingProjectController.findAboutToend() executed by crowdfunding.unq.grupoH with args [] in 4 ms
2020-11-24 02:01:41,372 INFO ar.unq.edu.desapp.grupoH.aspects.LogWSAnnotation [http-nio-8080-exec-4] UserController.registerUser(..) executed by anonymousUser with args [DonorUser(username='rodriguinño', password, email='rodr111@gmail.com, nick='cuco123')] in 6 ms
2020-11-24 02:02:23,648 INFO ar.unq.edu.desapp.grupoH.aspects.LogWSAnnotation [http-nio-8080-exec-9] UserController.registerUser(..) executed by anonymousUser with args [DonorUser(username='rodriguinño', password, email='rodr1111@gmail.com, nick='cuco123')] in 3 ms
2020-11-24 02:02:33,864 INFO ar.unq.edu.desapp.grupoH.aspects.LogWSAnnotation [http-nio-8080-exec-2] UserController.loginUser(..) executed by anonymousUser with args [User(password, email='rodr1111@gmail.com')] in 3 ms
2020-11-24 02:02:33,981 INFO ar.unq.edu.desapp.grupoH.aspects.LogWSAnnotation [http-nio-8080-exec-8] CrowdFundingProjectController.findAllOpen() executed by rodriguinño with args [] in 6 ms
2020-11-24 02:02:34,000 INFO ar.unq.edu.desapp.grupoH.aspects.LogWSAnnotation [http-nio-8080-exec-6] CrowdFundingProjectController.findAboutToend() executed by rodriguinño with args [] in 5 ms
2020-11-24 02:02:39,130 INFO ar.unq.edu.desapp.grupoH.aspects.LogWSAnnotation [http-nio-8080-exec-1] UserController.findDetailsOf(..) executed by rodriguinño with args [2] in 39 ms
2020-11-24 02:02:39,521 INFO ar.unq.edu.desapp.grupoH.aspects.LogWSAnnotation [http-nio-8080-exec-5] UserController.findDetailsOf(..) executed by rodriguinño with args [2] in 4 ms
2020-11-24 14:41:45,377 INFO org.springframework.boot.StartupInfoLogger [main] Starting ProjectApplicationKt on Rodrigo-PC with PID 4648 (C:\Users\Rodrigo\Desktop\Desarrollo\crowfundingProject\Backend\build\classes\kotlin\main started by Rodrigo in C:\Users\Rodrigo\Desktop\Desarrollo\crowfundingProject\Backend)
2020-11-24 14:41:45,387 INFO org.springframework.boot.SpringApplication [main] No active profile set, falling back to default profiles: default
2020-11-24 14:41:45,425 WARN org.springframework.core.log.CompositeLog [background-preinit] For Jackson Kotlin classes support please add "com.fasterxml.jackson.module:jackson-module-kotlin" to the classpath
2020-11-24 14:41:49,748 INFO org.springframework.data.repository.config.RepositoryConfigurationDelegate [main] Bootstrapping Spring Data JPA repositories in DEFERRED mode.
2020-11-24 14:41:49,930 INFO org.springframework.data.repository.config.RepositoryConfigurationDelegate [main] Finished Spring Data repository scanning in 129ms. Found 4 JPA repository interfaces.
2020-11-24 14:41:51,901 INFO org.springframework.boot.web.embedded.tomcat.TomcatWebServer [main] Tomcat initialized with port(s): 8080 (http)
2020-11-24 14:41:51,933 INFO org.apache.juli.logging.DirectJDKLog [main] Initializing ProtocolHandler ["http-nio-8080"]
2020-11-24 14:41:51,933 INFO org.apache.juli.logging.DirectJDKLog [main] Starting service [Tomcat]
2020-11-24 14:41:51,933 INFO org.apache.juli.logging.DirectJDKLog [main] Starting Servlet engine: [Apache Tomcat/9.0.37]
2020-11-24 14:41:52,312 INFO org.apache.juli.logging.DirectJDKLog [main] Initializing Spring embedded WebApplicationContext
2020-11-24 14:41:52,312 INFO org.springframework.boot.web.servlet.context.ServletWebServerApplicationContext [main] Root WebApplicationContext: initialization completed in 6228 ms
2020-11-24 14:41:52,483 INFO com.zaxxer.hikari.HikariDataSource [main] HikariPool-1 - Starting...
2020-11-24 14:41:53,139 INFO com.zaxxer.hikari.HikariDataSource [main] HikariPool-1 - Start completed.
2020-11-24 14:41:53,170 INFO org.springframework.boot.autoconfigure.h2.H2ConsoleAutoConfiguration [main] H2 console available at '/h2-console'. Database available at 'jdbc:h2:mem:crowdfundingProject'
2020-11-24 14:41:54,335 INFO org.springframework.scheduling.concurrent.ExecutorConfigurationSupport [main] Initializing ExecutorService 'applicationTaskExecutor'
2020-11-24 14:41:54,366 INFO org.springframework.scheduling.concurrent.ExecutorConfigurationSupport [main] Initializing ExecutorService 'taskScheduler'
2020-11-24 14:41:54,539 INFO org.hibernate.jpa.internal.util.LogHelper [task-1] HHH000204: Processing PersistenceUnitInfo [name: default]
2020-11-24 14:41:54,774 WARN org.springframework.boot.autoconfigure.orm.jpa.JpaBaseConfiguration$JpaWebConfiguration [main] spring.jpa.open-in-view is enabled by default. Therefore, database queries may be performed during view rendering. Explicitly configure spring.jpa.open-in-view to disable this warning
2020-11-24 14:41:55,048 INFO org.hibernate.Version [task-1] HHH000412: Hibernate ORM core version 5.4.20.Final
2020-11-24 14:41:55,676 INFO org.hibernate.annotations.common.reflection.java.JavaReflectionManager [task-1] HCANN000001: Hibernate Commons Annotations {5.1.0.Final}
2020-11-24 14:41:56,081 INFO org.hibernate.dialect.Dialect [task-1] HHH000400: Using dialect: org.hibernate.dialect.H2Dialect
2020-11-24 14:41:56,786 INFO springfox.documentation.spring.web.PropertySourcedRequestMappingHandlerMapping [main] Mapped URL path [/v2/api-docs] onto method [springfox.documentation.swagger2.web.Swagger2Controller#getDocumentation(String, HttpServletRequest)]
2020-11-24 14:41:57,309 INFO org.springframework.boot.autoconfigure.security.servlet.UserDetailsServiceAutoConfiguration [main] 

Using generated security password: 5ca3da3a-c461-4e79-b239-4fca802fe939

2020-11-24 14:41:58,236 INFO org.springframework.security.web.DefaultSecurityFilterChain [main] Creating filter chain: any request, [org.springframework.security.web.context.request.async.WebAsyncManagerIntegrationFilter@39685204, org.springframework.security.web.context.SecurityContextPersistenceFilter@7d551ec6, org.springframework.security.web.header.HeaderWriterFilter@21688427, org.springframework.web.filter.CorsFilter@72d0196d, org.springframework.security.web.authentication.logout.LogoutFilter@3d9c8c3c, ar.unq.edu.desapp.grupoH.security.JWTAuthFilter@77cf329d, org.springframework.security.web.savedrequest.RequestCacheAwareFilter@6651efa4, org.springframework.security.web.servletapi.SecurityContextHolderAwareRequestFilter@780546f8, org.springframework.security.web.authentication.AnonymousAuthenticationFilter@4067634b, org.springframework.security.web.session.SessionManagementFilter@65a80fdb, org.springframework.security.web.access.ExceptionTranslationFilter@5621a671, org.springframework.security.web.access.intercept.FilterSecurityInterceptor@1e32037d]
2020-11-24 14:41:58,851 INFO org.hibernate.engine.transaction.jta.platform.internal.JtaPlatformInitiator [task-1] HHH000490: Using JtaPlatform implementation: [org.hibernate.engine.transaction.jta.platform.internal.NoJtaPlatform]
2020-11-24 14:41:58,883 INFO org.springframework.orm.jpa.AbstractEntityManagerFactoryBean [task-1] Initialized JPA EntityManagerFactory for persistence unit 'default'
2020-11-24 14:41:59,067 INFO org.apache.juli.logging.DirectJDKLog [main] Starting ProtocolHandler ["http-nio-8080"]
2020-11-24 14:41:59,208 INFO org.springframework.boot.web.embedded.tomcat.TomcatWebServer [main] Tomcat started on port(s): 8080 (http) with context path ''
2020-11-24 14:41:59,208 INFO springfox.documentation.spring.web.plugins.DocumentationPluginsBootstrapper [main] Context refreshed
2020-11-24 14:41:59,270 INFO springfox.documentation.spring.web.plugins.DocumentationPluginsBootstrapper [main] Found 1 custom documentation plugin(s)
2020-11-24 14:41:59,348 INFO springfox.documentation.spring.web.scanners.ApiListingReferenceScanner [main] Scanning for api listing references
2020-11-24 14:41:59,969 INFO springfox.documentation.spring.web.readers.operation.CachingOperationNameGenerator [main] Generating unique operation named: findAllUsingGET_1
2020-11-24 14:42:00,026 INFO springfox.documentation.spring.web.readers.operation.CachingOperationNameGenerator [main] Generating unique operation named: findDetailsOfUsingGET_1
2020-11-24 14:42:00,133 INFO org.springframework.data.repository.config.DeferredRepositoryInitializationListener [main] Triggering deferred initialization of Spring Data repositories…
2020-11-24 14:42:01,842 INFO org.springframework.data.repository.config.DeferredRepositoryInitializationListener [main] Spring Data repositories initialized!
2020-11-24 14:42:01,873 INFO org.springframework.boot.StartupInfoLogger [main] Started ProjectApplicationKt in 20.115 seconds (JVM running for 30.653)
2020-11-24 14:43:21,659 INFO org.apache.juli.logging.DirectJDKLog [http-nio-8080-exec-1] Initializing Spring DispatcherServlet 'dispatcherServlet'
2020-11-24 14:43:21,660 INFO org.springframework.web.servlet.FrameworkServlet [http-nio-8080-exec-1] Initializing Servlet 'dispatcherServlet'
2020-11-24 14:43:21,730 INFO org.springframework.web.servlet.FrameworkServlet [http-nio-8080-exec-1] Completed initialization in 69 ms
2020-11-24 14:47:59,164 INFO ar.unq.edu.desapp.grupoH.aspects.LogWSAnnotation [http-nio-8080-exec-6] UserController.loginAuth0(..) executed by anonymousUser with args [Auth0LoginRequest(nick=crowdfunding.unq.grupoh, email=crowdfunding.unq.grupoh@gmail.com, username=crowdfunding.unq.grupoH, token=ndeahhh)] in 2778 ms
2020-11-24 14:48:03,135 WARN org.apache.juli.logging.DirectJDKLog [http-nio-8080-exec-5] Creation of SecureRandom instance for session ID generation using [SHA1PRNG] took [379] milliseconds.
2020-11-24 14:48:03,138 WARN org.apache.juli.logging.DirectJDKLog [http-nio-8080-exec-3] Creation of SecureRandom instance for session ID generation using [SHA1PRNG] took [383] milliseconds.
2020-11-24 14:48:03,336 INFO ar.unq.edu.desapp.grupoH.aspects.LogWSAnnotation [http-nio-8080-exec-3] CrowdFundingProjectController.findAboutToend() executed by crowdfunding.unq.grupoH with args [] in 137 ms
2020-11-24 14:48:03,377 INFO ar.unq.edu.desapp.grupoH.aspects.LogWSAnnotation [http-nio-8080-exec-5] CrowdFundingProjectController.findAllOpen() executed by crowdfunding.unq.grupoH with args [] in 200 ms
2020-11-24 14:51:31,957 INFO ar.unq.edu.desapp.grupoH.aspects.LogWSAnnotation [http-nio-8080-exec-9] CrowdFundingProjectController.findAllOpen() executed by crowdfunding.unq.grupoH with args [] in 23 ms
2020-11-24 14:51:31,977 INFO ar.unq.edu.desapp.grupoH.aspects.LogWSAnnotation [http-nio-8080-exec-10] CrowdFundingProjectController.findAboutToend() executed by crowdfunding.unq.grupoH with args [] in 6 ms
2020-11-24 14:52:06,661 INFO ar.unq.edu.desapp.grupoH.aspects.LogWSAnnotation [http-nio-8080-exec-6] CrowdFundingProjectController.findAboutToend() executed by crowdfunding.unq.grupoH with args [] in 15 ms
2020-11-24 14:52:06,865 INFO ar.unq.edu.desapp.grupoH.aspects.LogWSAnnotation [http-nio-8080-exec-4] CrowdFundingProjectController.findAllOpen() executed by crowdfunding.unq.grupoH with args [] in 240 ms
2020-11-24 14:52:19,495 INFO ar.unq.edu.desapp.grupoH.aspects.LogWSAnnotation [http-nio-8080-exec-7] CrowdFundingProjectController.findAllOpen() executed by crowdfunding.unq.grupoH with args [] in 28 ms
2020-11-24 14:52:19,544 INFO ar.unq.edu.desapp.grupoH.aspects.LogWSAnnotation [http-nio-8080-exec-8] CrowdFundingProjectController.findAboutToend() executed by crowdfunding.unq.grupoH with args [] in 6 ms
2020-11-24 15:07:14,875 INFO ar.unq.edu.desapp.grupoH.aspects.LogWSAnnotation [http-nio-8080-exec-7] UserController.loginUser(..) executed by anonymousUser with args [User(password, email='rodrigo@gmail.com')] in 6 ms
2020-11-24 15:07:15,042 INFO ar.unq.edu.desapp.grupoH.aspects.LogWSAnnotation [http-nio-8080-exec-9] CrowdFundingProjectController.findAllOpen() executed by rodrigo with args [] in 28 ms
2020-11-24 15:07:15,064 INFO ar.unq.edu.desapp.grupoH.aspects.LogWSAnnotation [http-nio-8080-exec-10] CrowdFundingProjectController.findAboutToend() executed by rodrigo with args [] in 5 ms
2020-11-24 15:08:29,011 INFO ar.unq.edu.desapp.grupoH.aspects.LogWSAnnotation [http-nio-8080-exec-4] CrowdFundingProjectController.findAllOpen() executed by rodrigo with args [] in 51 ms
2020-11-24 15:08:29,073 INFO ar.unq.edu.desapp.grupoH.aspects.LogWSAnnotation [http-nio-8080-exec-6] CrowdFundingProjectController.findAboutToend() executed by rodrigo with args [] in 8 ms
2020-11-24 15:08:43,733 INFO ar.unq.edu.desapp.grupoH.aspects.LogWSAnnotation [http-nio-8080-exec-8] CrowdFundingProjectController.findDetailsOf(..) executed by rodrigo with args [5] in 28 ms
2020-11-24 15:08:43,990 INFO ar.unq.edu.desapp.grupoH.aspects.LogWSAnnotation [http-nio-8080-exec-9] CrowdFundingProjectController.findDetailsOf(..) executed by rodrigo with args [5] in 3 ms
2020-11-24 15:08:44,151 INFO ar.unq.edu.desapp.grupoH.aspects.LogWSAnnotation [http-nio-8080-exec-10] CrowdFundingProjectController.closeProject(..) executed by rodrigo with args [5] in 151 ms
2020-11-24 15:08:44,400 INFO ar.unq.edu.desapp.grupoH.aspects.LogWSAnnotation [http-nio-8080-exec-2] CrowdFundingProjectController.closeProject(..) executed by rodrigo with args [5] in 15 ms
2020-11-24 15:08:44,412 INFO ar.unq.edu.desapp.grupoH.aspects.LogWSAnnotation [http-nio-8080-exec-1] CrowdFundingProjectController.closeProject(..) executed by rodrigo with args [5] in 7 ms
2020-11-24 15:08:46,487 INFO ar.unq.edu.desapp.grupoH.aspects.LogWSAnnotation [http-nio-8080-exec-3] CrowdFundingProjectController.findDetailsOf(..) executed by rodrigo with args [5] in 4 ms
2020-11-24 15:08:47,202 INFO ar.unq.edu.desapp.grupoH.aspects.LogWSAnnotation [http-nio-8080-exec-8] CrowdFundingProjectController.findDetailsOf(..) executed by rodrigo with args [5] in 3 ms
2020-11-24 15:09:16,404 INFO ar.unq.edu.desapp.grupoH.aspects.LogWSAnnotation [http-nio-8080-exec-9] CrowdFundingProjectController.findAllOpen() executed by rodrigo with args [] in 54 ms
2020-11-24 15:09:16,413 INFO ar.unq.edu.desapp.grupoH.aspects.LogWSAnnotation [http-nio-8080-exec-10] CrowdFundingProjectController.findAboutToend() executed by rodrigo with args [] in 39 ms
2020-11-24 15:09:20,694 INFO ar.unq.edu.desapp.grupoH.aspects.LogWSAnnotation [http-nio-8080-exec-4] CrowdFundingProjectController.findAllOpen() executed by rodrigo with args [] in 108 ms
2020-11-24 15:09:20,727 INFO ar.unq.edu.desapp.grupoH.aspects.LogWSAnnotation [http-nio-8080-exec-6] CrowdFundingProjectController.findAboutToend() executed by rodrigo with args [] in 8 ms
2020-11-24 15:09:22,281 INFO ar.unq.edu.desapp.grupoH.aspects.LogWSAnnotation [http-nio-8080-exec-3] CrowdFundingProjectController.findDetailsOf(..) executed by rodrigo with args [1] in 3 ms
2020-11-24 15:09:22,408 INFO ar.unq.edu.desapp.grupoH.aspects.LogWSAnnotation [http-nio-8080-exec-8] CrowdFundingProjectController.findDetailsOf(..) executed by rodrigo with args [1] in 2 ms
2020-11-24 15:10:39,146 INFO ar.unq.edu.desapp.grupoH.aspects.LogWSAnnotation [http-nio-8080-exec-10] CrowdFundingProjectController.findDetailsOf(..) executed by rodrigo with args [1] in 2 ms
2020-11-24 15:10:39,311 INFO ar.unq.edu.desapp.grupoH.aspects.LogWSAnnotation [http-nio-8080-exec-1] CrowdFundingProjectController.findDetailsOf(..) executed by rodrigo with args [1] in 1 ms
2020-11-24 15:11:35,267 INFO ar.unq.edu.desapp.grupoH.aspects.LogWSAnnotation [http-nio-8080-exec-4] CrowdFundingProjectController.findDetailsOf(..) executed by rodrigo with args [1] in 3 ms
2020-11-24 15:11:35,407 INFO ar.unq.edu.desapp.grupoH.aspects.LogWSAnnotation [http-nio-8080-exec-6] CrowdFundingProjectController.findDetailsOf(..) executed by rodrigo with args [1] in 2 ms
2020-11-24 15:12:37,727 INFO ar.unq.edu.desapp.grupoH.aspects.LogWSAnnotation [http-nio-8080-exec-3] CrowdFundingProjectController.findDetailsOf(..) executed by rodrigo with args [1] in 6 ms
2020-11-24 15:12:37,901 INFO ar.unq.edu.desapp.grupoH.aspects.LogWSAnnotation [http-nio-8080-exec-8] CrowdFundingProjectController.findDetailsOf(..) executed by rodrigo with args [1] in 2 ms
2020-11-24 15:13:03,196 INFO ar.unq.edu.desapp.grupoH.aspects.LogWSAnnotation [http-nio-8080-exec-7] CrowdFundingProjectController.findDetailsOf(..) executed by rodrigo with args [1] in 7 ms
2020-11-24 15:13:03,408 INFO ar.unq.edu.desapp.grupoH.aspects.LogWSAnnotation [http-nio-8080-exec-10] CrowdFundingProjectController.findDetailsOf(..) executed by rodrigo with args [1] in 2 ms
2020-11-24 15:13:16,618 INFO ar.unq.edu.desapp.grupoH.aspects.LogWSAnnotation [http-nio-8080-exec-2] CrowdFundingProjectController.findDetailsOf(..) executed by rodrigo with args [1] in 4 ms
2020-11-24 15:13:16,949 INFO ar.unq.edu.desapp.grupoH.aspects.LogWSAnnotation [http-nio-8080-exec-4] CrowdFundingProjectController.findDetailsOf(..) executed by rodrigo with args [1] in 16 ms
2020-11-24 15:13:34,599 INFO ar.unq.edu.desapp.grupoH.aspects.LogWSAnnotation [http-nio-8080-exec-5] CrowdFundingProjectController.findDetailsOf(..) executed by rodrigo with args [1] in 3 ms
2020-11-24 15:13:38,253 INFO ar.unq.edu.desapp.grupoH.aspects.LogWSAnnotation [http-nio-8080-exec-3] CrowdFundingProjectController.findDetailsOf(..) executed by rodrigo with args [1] in 17 ms
2020-11-24 15:19:29,142 INFO ar.unq.edu.desapp.grupoH.aspects.LogWSAnnotation [http-nio-8080-exec-1] CrowdFundingProjectController.findAboutToend() executed by rodrigo with args [] in 5 ms
2020-11-24 15:19:29,169 INFO ar.unq.edu.desapp.grupoH.aspects.LogWSAnnotation [http-nio-8080-exec-10] CrowdFundingProjectController.findAllOpen() executed by rodrigo with args [] in 21 ms
2020-11-24 15:19:43,594 INFO ar.unq.edu.desapp.grupoH.aspects.LogWSAnnotation [http-nio-8080-exec-5] CrowdFundingProjectController.findDetailsOf(..) executed by rodrigo with args [3] in 5 ms
2020-11-24 15:19:43,674 INFO ar.unq.edu.desapp.grupoH.aspects.LogWSAnnotation [http-nio-8080-exec-3] CrowdFundingProjectController.findDetailsOf(..) executed by rodrigo with args [3] in 6 ms
2020-11-24 15:19:57,771 INFO ar.unq.edu.desapp.grupoH.aspects.LogWSAnnotation [http-nio-8080-exec-7] CrowdFundingProjectController.findAboutToend() executed by rodrigo with args [] in 4 ms
2020-11-24 15:19:57,786 INFO ar.unq.edu.desapp.grupoH.aspects.LogWSAnnotation [http-nio-8080-exec-9] CrowdFundingProjectController.findAllOpen() executed by rodrigo with args [] in 11 ms
2020-11-24 15:27:11,318 INFO ar.unq.edu.desapp.grupoH.aspects.LogWSAnnotation [http-nio-8080-exec-2] CrowdFundingProjectController.findAllOpen() executed by rodrigo with args [] in 60 ms
2020-11-24 15:27:11,406 INFO ar.unq.edu.desapp.grupoH.aspects.LogWSAnnotation [http-nio-8080-exec-4] CrowdFundingProjectController.findAboutToend() executed by rodrigo with args [] in 34 ms
2020-11-24 15:28:20,581 INFO ar.unq.edu.desapp.grupoH.aspects.LogWSAnnotation [http-nio-8080-exec-3] CrowdFundingProjectController.findAllOpen() executed by rodrigo with args [] in 11 ms
2020-11-24 15:28:20,599 INFO ar.unq.edu.desapp.grupoH.aspects.LogWSAnnotation [http-nio-8080-exec-8] CrowdFundingProjectController.findAboutToend() executed by rodrigo with args [] in 3 ms
2020-11-24 15:28:49,281 INFO ar.unq.edu.desapp.grupoH.aspects.LogWSAnnotation [http-nio-8080-exec-1] CrowdFundingProjectController.findAllOpen() executed by rodrigo with args [] in 9 ms
2020-11-24 15:28:49,349 INFO ar.unq.edu.desapp.grupoH.aspects.LogWSAnnotation [http-nio-8080-exec-10] CrowdFundingProjectController.findAboutToend() executed by rodrigo with args [] in 6 ms
2020-11-24 15:30:21,386 INFO ar.unq.edu.desapp.grupoH.aspects.LogWSAnnotation [http-nio-8080-exec-5] CrowdFundingProjectController.findAllOpen() executed by rodrigo with args [] in 15 ms
2020-11-24 15:30:21,404 INFO ar.unq.edu.desapp.grupoH.aspects.LogWSAnnotation [http-nio-8080-exec-6] CrowdFundingProjectController.findAboutToend() executed by rodrigo with args [] in 3 ms
2020-11-24 15:32:04,522 INFO ar.unq.edu.desapp.grupoH.aspects.LogWSAnnotation [http-nio-8080-exec-9] CrowdFundingProjectController.findAboutToend() executed by rodrigo with args [] in 2 ms
2020-11-24 15:32:04,537 INFO ar.unq.edu.desapp.grupoH.aspects.LogWSAnnotation [http-nio-8080-exec-7] CrowdFundingProjectController.findAllOpen() executed by rodrigo with args [] in 8 ms
2020-11-24 15:33:26,744 INFO ar.unq.edu.desapp.grupoH.aspects.LogWSAnnotation [http-nio-8080-exec-4] CrowdFundingProjectController.findAllOpen() executed by rodrigo with args [] in 26 ms
2020-11-24 15:33:26,813 INFO ar.unq.edu.desapp.grupoH.aspects.LogWSAnnotation [http-nio-8080-exec-2] CrowdFundingProjectController.findAboutToend() executed by rodrigo with args [] in 49 ms
2020-11-24 15:34:37,959 INFO ar.unq.edu.desapp.grupoH.aspects.LogWSAnnotation [http-nio-8080-exec-3] UserController.loginUser(..) executed by anonymousUser with args [User(password, email='rodrigo@gmail.com')] in 18 ms
2020-11-24 15:34:38,124 INFO ar.unq.edu.desapp.grupoH.aspects.LogWSAnnotation [http-nio-8080-exec-8] CrowdFundingProjectController.findAllOpen() executed by rodrigo with args [] in 19 ms
2020-11-24 15:34:38,134 INFO ar.unq.edu.desapp.grupoH.aspects.LogWSAnnotation [http-nio-8080-exec-9] CrowdFundingProjectController.findAboutToend() executed by rodrigo with args [] in 2 ms
